::1 - [Tuesday, 16/02/2021, 23:22:44 ] "POST /api/v1/auth/user - createUser HTTP/1.1" 201 222 "-" "PostmanRuntime/7.26.10
::1 - [Tuesday, 16/02/2021, 23:22:44 ] "POST /api/v1/auth/user - createUser HTTP/1.1" 201 222 "-" "PostmanRuntime/7.26.10
::1 - [Tuesday, 16/02/2021, 23:26:30 ] "POST /api/v1/auth/user - createUser HTTP/1.1" 201 222 "-" "PostmanRuntime/7.26.10
::1 - [Tuesday, 16/02/2021, 23:26:30 ] "POST /api/v1/auth/user - createUser HTTP/1.1" 201 222 "-" "PostmanRuntime/7.26.10
::1 - [Tuesday, 16/02/2021, 23:26:30 ] "POST /api/v1/auth/user - createUser HTTP/1.1" 201 222 "-" "PostmanRuntime/7.26.10
::1 - [Tuesday, 16/02/2021, 23:26:30 ] "POST /api/v1/auth/user - createUser HTTP/1.1" 201 222 "-" "PostmanRuntime/7.26.10
::1 - [Tuesday, 16/02/2021, 23:26:30 ] "POST /api/v1/auth/user - createUser HTTP/1.1" 201 222 "-" "PostmanRuntime/7.26.10
::1 - [Tuesday, 16/02/2021, 23:26:30 ] "POST /api/v1/auth/user - createUser HTTP/1.1" 201 222 "-" "PostmanRuntime/7.26.10
::1 - [Tuesday, 16/02/2021, 23:59:28 ] "POST /api/v1/auth/user - createUser HTTP/1.1" 201 222 "-" "PostmanRuntime/7.26.10
::1 - [Tuesday, 16/02/2021, 23:59:28 ] "POST /api/v1/auth/user - createUser HTTP/1.1" 201 222 "-" "PostmanRuntime/7.26.10
::1 - [Wednesday, 17/02/2021, 00:03:14 ] "POST /api/v1/auth/user - createUser HTTP/1.1" 200 11 "-" "PostmanRuntime/7.26.10
::1 - [Wednesday, 17/02/2021, 00:03:14 ] "POST /api/v1/auth/user - createUser HTTP/1.1" 200 11 "-" "PostmanRuntime/7.26.10
::1 - [Wednesday, 17/02/2021, 00:03:14 ] "POST /api/v1/auth/user - createUser HTTP/1.1" 200 11 "-" "PostmanRuntime/7.26.10
::1 - [Wednesday, 17/02/2021, 00:06:41 ] "POST /api/v1/auth/user - createUser HTTP/1.1" 200 141 "-" "PostmanRuntime/7.26.10
::1 - [Wednesday, 17/02/2021, 00:09:45 ] "POST /api/v1/auth/user - createUser HTTP/1.1" 200 511 "-" "PostmanRuntime/7.26.10
::1 - [Wednesday, 17/02/2021, 00:09:45 ] "POST /api/v1/auth/user - createUser HTTP/1.1" 200 506 "-" "PostmanRuntime/7.26.10
::1 - [Wednesday, 17/02/2021, 00:10:35 ] "POST /api/v1/auth/user - createUser HTTP/1.1" 200 506 "-" "PostmanRuntime/7.26.10
::1 - [Wednesday, 17/02/2021, 00:10:35 ] "POST /api/v1/auth/user - createUser HTTP/1.1" 201 222 "-" "PostmanRuntime/7.26.10
::1 - [Wednesday, 17/02/2021, 00:10:35 ] "POST /api/v1/auth/user - createUser HTTP/1.1" 200 511 "-" "PostmanRuntime/7.26.10
::1 - [Wednesday, 17/02/2021, 00:11:24 ] "POST /api/v1/auth/user - createUser HTTP/1.1" 200 141 "-" "PostmanRuntime/7.26.10
::1 - [Wednesday, 17/02/2021, 00:13:11 ] "POST /api/v1/auth/user - createUser HTTP/1.1" 200 430 "-" "PostmanRuntime/7.26.10
::1 - [Wednesday, 17/02/2021, 08:08:53 ] "POST /api/v1/events - createEvent HTTP/1.1" 200 31 "-" "PostmanRuntime/7.26.10
::1 - [Wednesday, 17/02/2021, 09:13:54 ] "POST /api/v1/auth/login - login HTTP/1.1" 201 194 "-" "PostmanRuntime/7.26.10
::1 - [Wednesday, 17/02/2021, 09:17:54 ] "POST /api/v1/events - createEvent HTTP/1.1" 201 11 "-" "PostmanRuntime/7.26.10
::1 - [Wednesday, 17/02/2021, 09:20:45 ] "GET /api/v1/events - getEvents HTTP/1.1" 200 226 "-" "PostmanRuntime/7.26.10
::1 - [Wednesday, 17/02/2021, 09:25:01 ] "PUT /api/v1/events/60256236149deb3f5516a8a3 - updateEvent HTTP/1.1" 200 43 "-" "PostmanRuntime/7.26.10
::1 - [Wednesday, 17/02/2021, 09:25:01 ] "PUT /api/v1/events/60256236149deb3f5516a8a3 - updateEvent HTTP/1.1" 200 43 "-" "PostmanRuntime/7.26.10
::1 - [Wednesday, 17/02/2021, 09:26:27 ] "GET /api/v1/events - getEvents HTTP/1.1" 200 226 "-" "PostmanRuntime/7.26.10
::1 - [Wednesday, 17/02/2021, 09:26:27 ] "PUT /api/v1/events/602d259b3b6df327a005383e - updateEvent HTTP/1.1" 200 43 "-" "PostmanRuntime/7.26.10
::1 - [Wednesday, 17/02/2021, 09:28:40 ] "POST /api/v1/auth/login - login HTTP/1.1" 201 194 "-" "PostmanRuntime/7.26.10
::1 - [Wednesday, 17/02/2021, 09:28:40 ] "POST /api/v1/auth/login - login HTTP/1.1" 201 194 "-" "PostmanRuntime/7.26.10
::1 - [Wednesday, 17/02/2021, 09:32:55 ] "POST /api/v1/auth/login - login HTTP/1.1" 201 194 "-" "PostmanRuntime/7.26.10
::1 - [Wednesday, 17/02/2021, 09:32:55 ] "POST /api/v1/auth/login - login HTTP/1.1" 201 194 "-" "PostmanRuntime/7.26.10
::1 - [Wednesday, 17/02/2021, 09:32:55 ] "POST /api/v1/auth/login - login HTTP/1.1" 201 194 "-" "PostmanRuntime/7.26.10
::1 - [Wednesday, 17/02/2021, 09:51:58 ] "PUT /api/v1/events/602d259b3b6df327a005383e - updateEvent HTTP/1.1" 200 223 "-" "PostmanRuntime/7.26.10
::1 - [Wednesday, 17/02/2021, 09:56:28 ] "PUT /api/v1/events/602d259b3b6df327a005383e - updateEvent HTTP/1.1" 200 225 "-" "PostmanRuntime/7.26.10
::1 - [Wednesday, 17/02/2021, 09:56:28 ] "PUT /api/v1/events/602d259b3b6df327a005383e - updateEvent HTTP/1.1" 200 225 "-" "PostmanRuntime/7.26.10
::1 - [Wednesday, 17/02/2021, 09:59:24 ] "DELETE /api/v1/events/602d259b3b6df327a005383e - deleteEvent HTTP/1.1" 200 11 "-" "PostmanRuntime/7.26.10
::1 - [Wednesday, 17/02/2021, 09:59:24 ] "GET /api/v1/events - getEvents HTTP/1.1" 200 23 "-" "PostmanRuntime/7.26.10
::1 - [jueves, 18/02/2021, 11:55:40 ] "POST /api/v1/auth/login - login HTTP/1.1" 201 310 "-" "PostmanRuntime/7.26.10
::1 - [jueves, 18/02/2021, 11:56:08 ] "POST /api/v1/auth/login - login HTTP/1.1" 201 359 "-" "PostmanRuntime/7.26.10
::1 - [jueves, 18/02/2021, 11:56:37 ] "POST /api/v1/auth/login - login HTTP/1.1" 201 276 "-" "PostmanRuntime/7.26.10
::1 - [jueves, 18/02/2021, 11:56:37 ] "POST /api/v1/auth/login - login HTTP/1.1" 201 276 "http://localhost:3000/auth/login" "Mozilla/5.0 (X11; Linux x86_64) AppleWebKit/537.36 (KHTML, like Gecko) Chrome/88.0.4324.150 Safari/537.36
::1 - [jueves, 18/02/2021, 11:56:37 ] "POST /api/v1/auth/login - login HTTP/1.1" 201 276 "http://localhost:3000/auth/login" "Mozilla/5.0 (X11; Linux x86_64) AppleWebKit/537.36 (KHTML, like Gecko) Chrome/88.0.4324.150 Safari/537.36
::1 - [jueves, 18/02/2021, 11:56:37 ] "POST /api/v1/auth/login - login HTTP/1.1" 201 276 "http://localhost:3000/auth/login" "Mozilla/5.0 (X11; Linux x86_64) AppleWebKit/537.36 (KHTML, like Gecko) Chrome/88.0.4324.150 Safari/537.36
::1 - [jueves, 18/02/2021, 11:56:37 ] "POST /api/v1/auth/login - login HTTP/1.1" 201 276 "http://localhost:3000/auth/login" "Mozilla/5.0 (X11; Linux x86_64) AppleWebKit/537.36 (KHTML, like Gecko) Chrome/88.0.4324.150 Safari/537.36
::1 - [jueves, 18/02/2021, 11:56:37 ] "POST /api/v1/auth/login - login HTTP/1.1" 201 276 "http://localhost:3000/auth/login" "Mozilla/5.0 (X11; Linux x86_64) AppleWebKit/537.36 (KHTML, like Gecko) Chrome/88.0.4324.150 Safari/537.36
::1 - [jueves, 18/02/2021, 11:56:37 ] "POST /api/v1/auth/login - login HTTP/1.1" 201 276 "http://localhost:3000/auth/login" "Mozilla/5.0 (X11; Linux x86_64) AppleWebKit/537.36 (KHTML, like Gecko) Chrome/88.0.4324.150 Safari/537.36
::1 - [jueves, 18/02/2021, 11:56:37 ] "POST /api/v1/auth/login - login HTTP/1.1" 201 276 "http://localhost:3000/auth/login" "Mozilla/5.0 (X11; Linux x86_64) AppleWebKit/537.36 (KHTML, like Gecko) Chrome/88.0.4324.150 Safari/537.36
::1 - [jueves, 18/02/2021, 11:56:37 ] "POST /api/v1/auth/login - login HTTP/1.1" 201 276 "http://localhost:3000/auth/login" "Mozilla/5.0 (X11; Linux x86_64) AppleWebKit/537.36 (KHTML, like Gecko) Chrome/88.0.4324.150 Safari/537.36
::1 - [jueves, 18/02/2021, 11:56:37 ] "POST /api/v1/auth/login - login HTTP/1.1" 201 276 "http://localhost:3000/auth/login" "Mozilla/5.0 (X11; Linux x86_64) AppleWebKit/537.36 (KHTML, like Gecko) Chrome/88.0.4324.150 Safari/537.36
::1 - [jueves, 18/02/2021, 11:56:37 ] "POST /api/v1/auth/login - login HTTP/1.1" 201 276 "http://localhost:3000/auth/login" "Mozilla/5.0 (X11; Linux x86_64) AppleWebKit/537.36 (KHTML, like Gecko) Chrome/88.0.4324.150 Safari/537.36
::1 - [jueves, 18/02/2021, 11:56:37 ] "POST /api/v1/auth/login - login HTTP/1.1" 201 276 "http://localhost:3000/auth/login" "Mozilla/5.0 (X11; Linux x86_64) AppleWebKit/537.36 (KHTML, like Gecko) Chrome/88.0.4324.150 Safari/537.36
::1 - [jueves, 18/02/2021, 11:56:37 ] "POST /api/v1/auth/login - login HTTP/1.1" 201 276 "http://localhost:3000/auth/login" "Mozilla/5.0 (X11; Linux x86_64) AppleWebKit/537.36 (KHTML, like Gecko) Chrome/88.0.4324.150 Safari/537.36
::1 - [jueves, 18/02/2021, 11:56:37 ] "POST /api/v1/auth/login - login HTTP/1.1" 201 276 "http://localhost:3000/auth/login" "Mozilla/5.0 (X11; Linux x86_64) AppleWebKit/537.36 (KHTML, like Gecko) Chrome/88.0.4324.150 Safari/537.36
::1 - [jueves, 18/02/2021, 11:56:37 ] "POST /api/v1/auth/login - login HTTP/1.1" 201 276 "http://localhost:3000/auth/login" "Mozilla/5.0 (X11; Linux x86_64) AppleWebKit/537.36 (KHTML, like Gecko) Chrome/88.0.4324.150 Safari/537.36
::1 - [jueves, 18/02/2021, 11:56:37 ] "POST /api/v1/auth/login - login HTTP/1.1" 201 276 "http://localhost:3000/auth/login" "Mozilla/5.0 (X11; Linux x86_64) AppleWebKit/537.36 (KHTML, like Gecko) Chrome/88.0.4324.150 Safari/537.36
::1 - [jueves, 18/02/2021, 11:56:37 ] "POST /api/v1/auth/login - login HTTP/1.1" 201 276 "http://localhost:3000/auth/login" "Mozilla/5.0 (X11; Linux x86_64) AppleWebKit/537.36 (KHTML, like Gecko) Chrome/88.0.4324.150 Safari/537.36
::1 - [jueves, 18/02/2021, 11:56:37 ] "POST /api/v1/auth/login - login HTTP/1.1" 201 276 "http://localhost:3000/auth/login" "Mozilla/5.0 (X11; Linux x86_64) AppleWebKit/537.36 (KHTML, like Gecko) Chrome/88.0.4324.150 Safari/537.36
::1 - [jueves, 18/02/2021, 11:56:37 ] "POST /api/v1/auth/login - login HTTP/1.1" 201 276 "http://localhost:3000/auth/login" "Mozilla/5.0 (X11; Linux x86_64) AppleWebKit/537.36 (KHTML, like Gecko) Chrome/88.0.4324.150 Safari/537.36
::1 - [jueves, 18/02/2021, 11:56:37 ] "POST /api/v1/auth/login - login HTTP/1.1" 201 276 "http://localhost:3000/auth/login" "Mozilla/5.0 (X11; Linux x86_64) AppleWebKit/537.36 (KHTML, like Gecko) Chrome/88.0.4324.150 Safari/537.36
::1 - [jueves, 18/02/2021, 11:56:37 ] "POST /api/v1/auth/login - login HTTP/1.1" 201 276 "http://localhost:3000/auth/login" "Mozilla/5.0 (X11; Linux x86_64) AppleWebKit/537.36 (KHTML, like Gecko) Chrome/88.0.4324.150 Safari/537.36
::1 - [jueves, 18/02/2021, 11:56:37 ] "POST /api/v1/auth/login - login HTTP/1.1" 201 276 "http://localhost:3000/auth/login" "Mozilla/5.0 (X11; Linux x86_64) AppleWebKit/537.36 (KHTML, like Gecko) Chrome/88.0.4324.150 Safari/537.36
::1 - [jueves, 18/02/2021, 11:56:37 ] "POST /api/v1/auth/login - login HTTP/1.1" 201 276 "http://localhost:3000/auth/login" "Mozilla/5.0 (X11; Linux x86_64) AppleWebKit/537.36 (KHTML, like Gecko) Chrome/88.0.4324.150 Safari/537.36
::1 - [jueves, 18/02/2021, 11:56:37 ] "POST /api/v1/auth/login - login HTTP/1.1" 201 276 "http://localhost:3000/auth/login" "Mozilla/5.0 (X11; Linux x86_64) AppleWebKit/537.36 (KHTML, like Gecko) Chrome/88.0.4324.150 Safari/537.36
::1 - [jueves, 18/02/2021, 11:56:37 ] "POST /api/v1/auth/login - login HTTP/1.1" 201 276 "http://localhost:3000/auth/login" "Mozilla/5.0 (X11; Linux x86_64) AppleWebKit/537.36 (KHTML, like Gecko) Chrome/88.0.4324.150 Safari/537.36
::1 - [jueves, 18/02/2021, 11:56:37 ] "POST /api/v1/auth/login - login HTTP/1.1" 201 276 "http://localhost:3000/auth/login" "Mozilla/5.0 (X11; Linux x86_64) AppleWebKit/537.36 (KHTML, like Gecko) Chrome/88.0.4324.150 Safari/537.36
::1 - [jueves, 18/02/2021, 11:56:37 ] "POST /api/v1/auth/login - login HTTP/1.1" 201 276 "http://localhost:3000/auth/login" "Mozilla/5.0 (X11; Linux x86_64) AppleWebKit/537.36 (KHTML, like Gecko) Chrome/88.0.4324.150 Safari/537.36
::1 - [jueves, 18/02/2021, 11:56:37 ] "POST /api/v1/auth/login - login HTTP/1.1" 201 276 "http://localhost:3000/auth/login" "Mozilla/5.0 (X11; Linux x86_64) AppleWebKit/537.36 (KHTML, like Gecko) Chrome/88.0.4324.150 Safari/537.36
::1 - [jueves, 18/02/2021, 11:56:37 ] "POST /api/v1/auth/login - login HTTP/1.1" 201 276 "http://localhost:3000/auth/login" "Mozilla/5.0 (X11; Linux x86_64) AppleWebKit/537.36 (KHTML, like Gecko) Chrome/88.0.4324.150 Safari/537.36
::1 - [jueves, 18/02/2021, 11:56:37 ] "POST /api/v1/auth/login - login HTTP/1.1" 201 276 "http://localhost:3000/auth/login" "Mozilla/5.0 (X11; Linux x86_64) AppleWebKit/537.36 (KHTML, like Gecko) Chrome/88.0.4324.150 Safari/537.36
::1 - [jueves, 18/02/2021, 11:56:37 ] "POST /api/v1/auth/login - login HTTP/1.1" 201 276 "http://localhost:3000/auth/login" "Mozilla/5.0 (X11; Linux x86_64) AppleWebKit/537.36 (KHTML, like Gecko) Chrome/88.0.4324.150 Safari/537.36
::1 - [jueves, 18/02/2021, 11:56:37 ] "POST /api/v1/auth/login - login HTTP/1.1" 201 276 "http://localhost:3000/auth/login" "Mozilla/5.0 (X11; Linux x86_64) AppleWebKit/537.36 (KHTML, like Gecko) Chrome/88.0.4324.150 Safari/537.36
::1 - [jueves, 18/02/2021, 11:56:37 ] "POST /api/v1/auth/login - login HTTP/1.1" 201 276 "http://localhost:3000/auth/login" "Mozilla/5.0 (X11; Linux x86_64) AppleWebKit/537.36 (KHTML, like Gecko) Chrome/88.0.4324.150 Safari/537.36
::1 - [jueves, 18/02/2021, 11:56:37 ] "POST /api/v1/auth/login - login HTTP/1.1" 201 276 "http://localhost:3000/auth/login" "Mozilla/5.0 (X11; Linux x86_64) AppleWebKit/537.36 (KHTML, like Gecko) Chrome/88.0.4324.150 Safari/537.36
::1 - [jueves, 18/02/2021, 11:56:37 ] "POST /api/v1/auth/login - login HTTP/1.1" 201 276 "http://localhost:3000/auth/login" "Mozilla/5.0 (X11; Linux x86_64) AppleWebKit/537.36 (KHTML, like Gecko) Chrome/88.0.4324.150 Safari/537.36
::1 - [jueves, 18/02/2021, 11:56:37 ] "POST /api/v1/auth/login - login HTTP/1.1" 201 276 "http://localhost:3000/auth/login" "Mozilla/5.0 (X11; Linux x86_64) AppleWebKit/537.36 (KHTML, like Gecko) Chrome/88.0.4324.150 Safari/537.36
::1 - [jueves, 18/02/2021, 11:56:37 ] "POST /api/v1/auth/login - login HTTP/1.1" 201 276 "http://localhost:3000/auth/login" "Mozilla/5.0 (X11; Linux x86_64) AppleWebKit/537.36 (KHTML, like Gecko) Chrome/88.0.4324.150 Safari/537.36
::1 - [jueves, 18/02/2021, 11:56:37 ] "POST /api/v1/auth/login - login HTTP/1.1" 201 276 "http://localhost:3000/auth/login" "Mozilla/5.0 (X11; Linux x86_64) AppleWebKit/537.36 (KHTML, like Gecko) Chrome/88.0.4324.150 Safari/537.36
::1 - [jueves, 18/02/2021, 11:56:37 ] "POST /api/v1/auth/login - login HTTP/1.1" 201 276 "http://localhost:3000/auth/login" "Mozilla/5.0 (X11; Linux x86_64) AppleWebKit/537.36 (KHTML, like Gecko) Chrome/88.0.4324.150 Safari/537.36
::1 - [jueves, 18/02/2021, 11:56:37 ] "POST /api/v1/auth/login - login HTTP/1.1" 201 276 "http://localhost:3000/auth/login" "Mozilla/5.0 (X11; Linux x86_64) AppleWebKit/537.36 (KHTML, like Gecko) Chrome/88.0.4324.150 Safari/537.36
::1 - [jueves, 18/02/2021, 11:56:37 ] "POST /api/v1/auth/login - login HTTP/1.1" 201 276 "http://localhost:3000/auth/login" "Mozilla/5.0 (X11; Linux x86_64) AppleWebKit/537.36 (KHTML, like Gecko) Chrome/88.0.4324.150 Safari/537.36
::1 - [jueves, 18/02/2021, 11:56:37 ] "POST /api/v1/auth/login - login HTTP/1.1" 201 276 "http://localhost:3000/auth/login" "Mozilla/5.0 (X11; Linux x86_64) AppleWebKit/537.36 (KHTML, like Gecko) Chrome/88.0.4324.150 Safari/537.36
::1 - [jueves, 18/02/2021, 11:56:37 ] "POST /api/v1/auth/login - login HTTP/1.1" 201 276 "http://localhost:3000/auth/login" "Mozilla/5.0 (X11; Linux x86_64) AppleWebKit/537.36 (KHTML, like Gecko) Chrome/88.0.4324.150 Safari/537.36
::1 - [jueves, 18/02/2021, 11:56:37 ] "POST /api/v1/auth/login - login HTTP/1.1" 201 276 "http://localhost:3000/auth/login" "Mozilla/5.0 (X11; Linux x86_64) AppleWebKit/537.36 (KHTML, like Gecko) Chrome/88.0.4324.150 Safari/537.36
::1 - [jueves, 18/02/2021, 11:56:37 ] "POST /api/v1/auth/login - login HTTP/1.1" 201 276 "http://localhost:3000/auth/login" "Mozilla/5.0 (X11; Linux x86_64) AppleWebKit/537.36 (KHTML, like Gecko) Chrome/88.0.4324.150 Safari/537.36
::1 - [jueves, 18/02/2021, 11:56:37 ] "POST /api/v1/auth/login - login HTTP/1.1" 201 276 "http://localhost:3000/auth/login" "Mozilla/5.0 (X11; Linux x86_64) AppleWebKit/537.36 (KHTML, like Gecko) Chrome/88.0.4324.150 Safari/537.36
::1 - [jueves, 18/02/2021, 11:56:37 ] "POST /api/v1/auth/login - login HTTP/1.1" 201 276 "http://localhost:3000/auth/login" "Mozilla/5.0 (X11; Linux x86_64) AppleWebKit/537.36 (KHTML, like Gecko) Chrome/88.0.4324.150 Safari/537.36
::1 - [jueves, 18/02/2021, 13:00:12 ] "POST /api/v1/auth/user - createUser HTTP/1.1" 201 222 "http://localhost:3000/auth/register" "Mozilla/5.0 (X11; Linux x86_64) AppleWebKit/537.36 (KHTML, like Gecko) Chrome/88.0.4324.150 Safari/537.36
::1 - [jueves, 18/02/2021, 13:00:12 ] "POST /api/v1/auth/user - createUser HTTP/1.1" 201 222 "-" "PostmanRuntime/7.26.10
::1 - [jueves, 18/02/2021, 13:03:58 ] "POST /api/v1/auth/user - createUser HTTP/1.1" 201 276 "http://localhost:3000/auth/register" "Mozilla/5.0 (X11; Linux x86_64) AppleWebKit/537.36 (KHTML, like Gecko) Chrome/88.0.4324.150 Safari/537.36
::1 - [jueves, 18/02/2021, 13:23:50 ] "POST /api/v1/auth/login - login HTTP/1.1" 201 276 "-" "PostmanRuntime/7.26.10
::1 - [jueves, 18/02/2021, 13:23:50 ] "GET /api/v1/auth/token - renewToken HTTP/1.1" 200 276 "-" "PostmanRuntime/7.26.10
::1 - [jueves, 18/02/2021, 13:23:50 ] "POST /api/v1/auth/login - login HTTP/1.1" 201 276 "http://localhost:3000/auth/login" "Mozilla/5.0 (X11; Linux x86_64) AppleWebKit/537.36 (KHTML, like Gecko) Chrome/88.0.4324.150 Safari/537.36
::1 - [jueves, 18/02/2021, 13:23:50 ] "GET /api/v1/auth/token - renewToken HTTP/1.1" 200 276 "http://localhost:3000/auth/login" "Mozilla/5.0 (X11; Linux x86_64) AppleWebKit/537.36 (KHTML, like Gecko) Chrome/88.0.4324.150 Safari/537.36
::1 - [jueves, 18/02/2021, 13:23:50 ] "GET /api/v1/auth/token - renewToken HTTP/1.1" 200 276 "http://localhost:3000/auth/login" "Mozilla/5.0 (X11; Linux x86_64) AppleWebKit/537.36 (KHTML, like Gecko) Chrome/88.0.4324.150 Safari/537.36
::1 - [jueves, 18/02/2021, 13:23:50 ] "GET /api/v1/auth/token - renewToken HTTP/1.1" 200 276 "http://localhost:3000/auth/login" "Mozilla/5.0 (X11; Linux x86_64) AppleWebKit/537.36 (KHTML, like Gecko) Chrome/88.0.4324.150 Safari/537.36
::1 - [jueves, 18/02/2021, 13:23:50 ] "GET /api/v1/auth/token - renewToken HTTP/1.1" 200 276 "http://localhost:3000/auth/login" "Mozilla/5.0 (X11; Linux x86_64) AppleWebKit/537.36 (KHTML, like Gecko) Chrome/88.0.4324.150 Safari/537.36
::1 - [jueves, 18/02/2021, 13:23:50 ] "GET /api/v1/auth/token - renewToken HTTP/1.1" 200 276 "http://localhost:3000/auth/login" "Mozilla/5.0 (X11; Linux x86_64) AppleWebKit/537.36 (KHTML, like Gecko) Chrome/88.0.4324.150 Safari/537.36
::1 - [jueves, 18/02/2021, 13:23:50 ] "POST /api/v1/auth/login - login HTTP/1.1" 201 276 "http://localhost:3000/auth/login" "Mozilla/5.0 (X11; Linux x86_64) AppleWebKit/537.36 (KHTML, like Gecko) Chrome/88.0.4324.150 Safari/537.36
::1 - [jueves, 18/02/2021, 13:23:50 ] "GET /api/v1/auth/token - renewToken HTTP/1.1" 200 276 "http://localhost:3000/auth/login" "Mozilla/5.0 (X11; Linux x86_64) AppleWebKit/537.36 (KHTML, like Gecko) Chrome/88.0.4324.150 Safari/537.36
::1 - [jueves, 18/02/2021, 13:23:50 ] "GET /api/v1/auth/token - renewToken HTTP/1.1" 200 276 "http://localhost:3000/auth/login" "Mozilla/5.0 (X11; Linux x86_64) AppleWebKit/537.36 (KHTML, like Gecko) Chrome/88.0.4324.150 Safari/537.36
::1 - [jueves, 18/02/2021, 13:23:50 ] "GET /api/v1/auth/token - renewToken HTTP/1.1" 200 276 "http://localhost:3000/auth/login" "Mozilla/5.0 (X11; Linux x86_64) AppleWebKit/537.36 (KHTML, like Gecko) Chrome/88.0.4324.150 Safari/537.36
::1 - [jueves, 18/02/2021, 13:23:50 ] "GET /api/v1/auth/token - renewToken HTTP/1.1" 200 276 "http://localhost:3000/" "Mozilla/5.0 (X11; Linux x86_64) AppleWebKit/537.36 (KHTML, like Gecko) Chrome/88.0.4324.150 Safari/537.36
::1 - [jueves, 18/02/2021, 13:23:50 ] "GET /api/v1/auth/token - renewToken HTTP/1.1" 200 276 "http://localhost:3000/" "Mozilla/5.0 (X11; Linux x86_64) AppleWebKit/537.36 (KHTML, like Gecko) Chrome/88.0.4324.150 Safari/537.36
::1 - [jueves, 18/02/2021, 13:23:50 ] "GET /api/v1/auth/token - renewToken HTTP/1.1" 200 276 "http://localhost:3000/" "Mozilla/5.0 (X11; Linux x86_64) AppleWebKit/537.36 (KHTML, like Gecko) Chrome/88.0.4324.150 Safari/537.36
::1 - [jueves, 18/02/2021, 13:23:50 ] "POST /api/v1/auth/login - login HTTP/1.1" 201 276 "http://localhost:3000/auth/login" "Mozilla/5.0 (X11; Linux x86_64) AppleWebKit/537.36 (KHTML, like Gecko) Chrome/88.0.4324.150 Safari/537.36
::1 - [jueves, 18/02/2021, 13:23:50 ] "POST /api/v1/auth/user - createUser HTTP/1.1" 201 276 "http://localhost:3000/auth/register" "Mozilla/5.0 (X11; Linux x86_64) AppleWebKit/537.36 (KHTML, like Gecko) Chrome/88.0.4324.150 Safari/537.36
::1 - [viernes, 19/02/2021, 09:42:34 ] "POST /api/v1/auth/login - login HTTP/1.1" 201 276 "http://localhost:3000/auth/login" "Mozilla/5.0 (X11; Linux x86_64) AppleWebKit/537.36 (KHTML, like Gecko) Chrome/88.0.4324.150 Safari/537.36
::1 - [viernes, 19/02/2021, 09:42:34 ] "GET /api/v1/auth/token - renewToken HTTP/1.1" 200 276 "http://localhost:3000/" "Mozilla/5.0 (X11; Linux x86_64) AppleWebKit/537.36 (KHTML, like Gecko) Chrome/88.0.4324.150 Safari/537.36
::1 - [viernes, 19/02/2021, 09:42:34 ] "GET /api/v1/auth/token - renewToken HTTP/1.1" 200 276 "http://localhost:3000/" "Mozilla/5.0 (X11; Linux x86_64) AppleWebKit/537.36 (KHTML, like Gecko) Chrome/88.0.4324.150 Safari/537.36
::1 - [viernes, 19/02/2021, 09:42:34 ] "POST /api/v1/auth/login - login HTTP/1.1" 201 276 "http://localhost:3000/auth/login" "Mozilla/5.0 (X11; Linux x86_64) AppleWebKit/537.36 (KHTML, like Gecko) Chrome/88.0.4324.150 Safari/537.36
::1 - [viernes, 19/02/2021, 09:42:34 ] "POST /api/v1/auth/login - login HTTP/1.1" 201 276 "http://localhost:3000/auth/login" "Mozilla/5.0 (X11; Linux x86_64) AppleWebKit/537.36 (KHTML, like Gecko) Chrome/88.0.4324.150 Safari/537.36
::1 - [viernes, 19/02/2021, 09:42:34 ] "GET /api/v1/auth/token - renewToken HTTP/1.1" 200 276 "http://localhost:3000/" "Mozilla/5.0 (X11; Linux x86_64) AppleWebKit/537.36 (KHTML, like Gecko) Chrome/88.0.4324.150 Safari/537.36
::1 - [viernes, 19/02/2021, 09:42:34 ] "POST /api/v1/auth/login - login HTTP/1.1" 201 276 "http://localhost:3000/auth/login" "Mozilla/5.0 (X11; Linux x86_64) AppleWebKit/537.36 (KHTML, like Gecko) Chrome/88.0.4324.150 Safari/537.36
::1 - [viernes, 19/02/2021, 09:42:34 ] "POST /api/v1/auth/login - login HTTP/1.1" 201 276 "http://localhost:3000/auth/login" "Mozilla/5.0 (X11; Linux x86_64) AppleWebKit/537.36 (KHTML, like Gecko) Chrome/88.0.4324.150 Safari/537.36
::1 - [viernes, 19/02/2021, 09:42:34 ] "GET /api/v1/auth/token - renewToken HTTP/1.1" 200 276 "http://localhost:3000/" "Mozilla/5.0 (X11; Linux x86_64) AppleWebKit/537.36 (KHTML, like Gecko) Chrome/88.0.4324.150 Safari/537.36
::1 - [viernes, 19/02/2021, 09:42:34 ] "POST /api/v1/auth/login - login HTTP/1.1" 201 276 "http://localhost:3000/auth/login" "Mozilla/5.0 (X11; Linux x86_64) AppleWebKit/537.36 (KHTML, like Gecko) Chrome/88.0.4324.150 Safari/537.36
::1 - [viernes, 19/02/2021, 09:42:34 ] "POST /api/v1/auth/login - login HTTP/1.1" 201 276 "http://localhost:3000/auth/login" "Mozilla/5.0 (X11; Linux x86_64) AppleWebKit/537.36 (KHTML, like Gecko) Chrome/88.0.4324.150 Safari/537.36
::1 - [viernes, 19/02/2021, 09:42:34 ] "POST /api/v1/auth/login - login HTTP/1.1" 201 276 "http://localhost:3000/auth/login" "Mozilla/5.0 (X11; Linux x86_64) AppleWebKit/537.36 (KHTML, like Gecko) Chrome/88.0.4324.150 Safari/537.36
::1 - [viernes, 19/02/2021, 09:42:34 ] "POST /api/v1/auth/login - login HTTP/1.1" 201 276 "http://localhost:3000/auth/login" "Mozilla/5.0 (X11; Linux x86_64) AppleWebKit/537.36 (KHTML, like Gecko) Chrome/88.0.4324.150 Safari/537.36
::1 - [viernes, 19/02/2021, 09:42:34 ] "POST /api/v1/auth/login - login HTTP/1.1" 201 276 "http://localhost:3000/auth/login" "Mozilla/5.0 (X11; Linux x86_64) AppleWebKit/537.36 (KHTML, like Gecko) Chrome/88.0.4324.150 Safari/537.36
::1 - [viernes, 19/02/2021, 09:42:34 ] "POST /api/v1/auth/login - login HTTP/1.1" 201 276 "http://localhost:3000/auth/login" "Mozilla/5.0 (X11; Linux x86_64) AppleWebKit/537.36 (KHTML, like Gecko) Chrome/88.0.4324.150 Safari/537.36
::1 - [viernes, 19/02/2021, 10:26:32 ] "GET /api/v1/auth/token - renewToken HTTP/1.1" 200 276 "http://localhost:3000/" "Mozilla/5.0 (X11; Linux x86_64) AppleWebKit/537.36 (KHTML, like Gecko) Chrome/88.0.4324.150 Safari/537.36
::1 - [viernes, 19/02/2021, 10:26:32 ] "POST /api/v1/auth/login - login HTTP/1.1" 201 276 "http://localhost:3000/auth/login" "Mozilla/5.0 (X11; Linux x86_64) AppleWebKit/537.36 (KHTML, like Gecko) Chrome/88.0.4324.150 Safari/537.36
::1 - [viernes, 19/02/2021, 10:26:32 ] "POST /api/v1/auth/login - login HTTP/1.1" 201 276 "http://localhost:3000/auth/login" "Mozilla/5.0 (X11; Linux x86_64) AppleWebKit/537.36 (KHTML, like Gecko) Chrome/88.0.4324.150 Safari/537.36
::1 - [viernes, 19/02/2021, 10:26:32 ] "POST /api/v1/auth/login - login HTTP/1.1" 201 276 "http://localhost:3000/auth/login" "Mozilla/5.0 (X11; Linux x86_64) AppleWebKit/537.36 (KHTML, like Gecko) Chrome/88.0.4324.150 Safari/537.36
::1 - [viernes, 19/02/2021, 10:26:32 ] "POST /api/v1/auth/login - login HTTP/1.1" 201 276 "http://localhost:3000/auth/login" "Mozilla/5.0 (X11; Linux x86_64) AppleWebKit/537.36 (KHTML, like Gecko) Chrome/88.0.4324.150 Safari/537.36
::1 - [viernes, 19/02/2021, 10:35:37 ] "POST /api/v1/auth/login - login HTTP/1.1" 201 276 "http://localhost:3000/auth/login" "Mozilla/5.0 (X11; Linux x86_64) AppleWebKit/537.36 (KHTML, like Gecko) Chrome/88.0.4324.150 Safari/537.36
::1 - [viernes, 19/02/2021, 10:35:37 ] "GET /api/v1/auth/token - renewToken HTTP/1.1" 200 276 "http://localhost:3000/" "Mozilla/5.0 (X11; Linux x86_64) AppleWebKit/537.36 (KHTML, like Gecko) Chrome/88.0.4324.150 Safari/537.36
::1 - [viernes, 19/02/2021, 10:35:37 ] "GET /api/v1/auth/token - renewToken HTTP/1.1" 200 276 "http://localhost:3000/" "Mozilla/5.0 (X11; Linux x86_64) AppleWebKit/537.36 (KHTML, like Gecko) Chrome/88.0.4324.150 Safari/537.36
::1 - [viernes, 19/02/2021, 10:35:37 ] "GET /api/v1/auth/token - renewToken HTTP/1.1" 200 276 "http://localhost:3000/" "Mozilla/5.0 (X11; Linux x86_64) AppleWebKit/537.36 (KHTML, like Gecko) Chrome/88.0.4324.150 Safari/537.36
::1 - [viernes, 19/02/2021, 10:35:37 ] "GET /api/v1/auth/token - renewToken HTTP/1.1" 200 276 "http://localhost:3000/" "Mozilla/5.0 (X11; Linux x86_64) AppleWebKit/537.36 (KHTML, like Gecko) Chrome/88.0.4324.150 Safari/537.36
::1 - [viernes, 19/02/2021, 10:35:37 ] "GET /api/v1/auth/token - renewToken HTTP/1.1" 200 276 "http://localhost:3000/" "Mozilla/5.0 (X11; Linux x86_64) AppleWebKit/537.36 (KHTML, like Gecko) Chrome/88.0.4324.150 Safari/537.36
::1 - [viernes, 19/02/2021, 10:35:37 ] "GET /api/v1/auth/token - renewToken HTTP/1.1" 200 276 "http://localhost:3000/" "Mozilla/5.0 (X11; Linux x86_64) AppleWebKit/537.36 (KHTML, like Gecko) Chrome/88.0.4324.150 Safari/537.36
::1 - [viernes, 19/02/2021, 10:35:37 ] "GET /api/v1/auth/token - renewToken HTTP/1.1" 200 276 "http://localhost:3000/" "Mozilla/5.0 (X11; Linux x86_64) AppleWebKit/537.36 (KHTML, like Gecko) Chrome/88.0.4324.150 Safari/537.36
::1 - [viernes, 19/02/2021, 10:35:37 ] "GET /api/v1/auth/token - renewToken HTTP/1.1" 200 276 "http://localhost:3000/" "Mozilla/5.0 (X11; Linux x86_64) AppleWebKit/537.36 (KHTML, like Gecko) Chrome/88.0.4324.150 Safari/537.36
::1 - [viernes, 19/02/2021, 10:35:37 ] "GET /api/v1/auth/token - renewToken HTTP/1.1" 200 276 "http://localhost:3000/" "Mozilla/5.0 (X11; Linux x86_64) AppleWebKit/537.36 (KHTML, like Gecko) Chrome/88.0.4324.150 Safari/537.36
::1 - [viernes, 19/02/2021, 10:35:37 ] "GET /api/v1/auth/token - renewToken HTTP/1.1" 200 276 "http://localhost:3000/" "Mozilla/5.0 (X11; Linux x86_64) AppleWebKit/537.36 (KHTML, like Gecko) Chrome/88.0.4324.150 Safari/537.36
::1 - [viernes, 19/02/2021, 10:35:37 ] "GET /api/v1/auth/token - renewToken HTTP/1.1" 200 276 "http://localhost:3000/" "Mozilla/5.0 (X11; Linux x86_64) AppleWebKit/537.36 (KHTML, like Gecko) Chrome/88.0.4324.150 Safari/537.36
::1 - [viernes, 19/02/2021, 10:35:37 ] "GET /api/v1/auth/token - renewToken HTTP/1.1" 200 276 "http://localhost:3000/" "Mozilla/5.0 (X11; Linux x86_64) AppleWebKit/537.36 (KHTML, like Gecko) Chrome/88.0.4324.150 Safari/537.36
::1 - [viernes, 19/02/2021, 10:35:37 ] "GET /api/v1/auth/token - renewToken HTTP/1.1" 200 276 "http://localhost:3000/" "Mozilla/5.0 (X11; Linux x86_64) AppleWebKit/537.36 (KHTML, like Gecko) Chrome/88.0.4324.150 Safari/537.36
::1 - [viernes, 19/02/2021, 10:35:37 ] "GET /api/v1/auth/token - renewToken HTTP/1.1" 200 276 "http://localhost:3000/" "Mozilla/5.0 (X11; Linux x86_64) AppleWebKit/537.36 (KHTML, like Gecko) Chrome/88.0.4324.150 Safari/537.36
::1 - [viernes, 19/02/2021, 10:35:37 ] "GET /api/v1/auth/token - renewToken HTTP/1.1" 200 276 "http://localhost:3000/" "Mozilla/5.0 (X11; Linux x86_64) AppleWebKit/537.36 (KHTML, like Gecko) Chrome/88.0.4324.150 Safari/537.36
::1 - [viernes, 19/02/2021, 10:35:37 ] "GET /api/v1/auth/token - renewToken HTTP/1.1" 200 276 "http://localhost:3000/" "Mozilla/5.0 (X11; Linux x86_64) AppleWebKit/537.36 (KHTML, like Gecko) Chrome/88.0.4324.150 Safari/537.36
::1 - [viernes, 19/02/2021, 10:35:37 ] "GET /api/v1/auth/token - renewToken HTTP/1.1" 200 276 "http://localhost:3000/" "Mozilla/5.0 (X11; Linux x86_64) AppleWebKit/537.36 (KHTML, like Gecko) Chrome/88.0.4324.150 Safari/537.36
::1 - [viernes, 19/02/2021, 10:35:37 ] "GET /api/v1/auth/token - renewToken HTTP/1.1" 200 276 "http://localhost:3000/" "Mozilla/5.0 (X11; Linux x86_64) AppleWebKit/537.36 (KHTML, like Gecko) Chrome/88.0.4324.150 Safari/537.36
::1 - [viernes, 19/02/2021, 10:35:37 ] "GET /api/v1/auth/token - renewToken HTTP/1.1" 200 276 "http://localhost:3000/" "Mozilla/5.0 (X11; Linux x86_64) AppleWebKit/537.36 (KHTML, like Gecko) Chrome/88.0.4324.150 Safari/537.36
::1 - [viernes, 19/02/2021, 10:35:37 ] "GET /api/v1/auth/token - renewToken HTTP/1.1" 200 276 "http://localhost:3000/" "Mozilla/5.0 (X11; Linux x86_64) AppleWebKit/537.36 (KHTML, like Gecko) Chrome/88.0.4324.150 Safari/537.36
::1 - [viernes, 19/02/2021, 10:35:37 ] "GET /api/v1/auth/token - renewToken HTTP/1.1" 200 276 "http://localhost:3000/" "Mozilla/5.0 (X11; Linux x86_64) AppleWebKit/537.36 (KHTML, like Gecko) Chrome/88.0.4324.150 Safari/537.36
::1 - [viernes, 19/02/2021, 10:35:37 ] "GET /api/v1/auth/token - renewToken HTTP/1.1" 200 276 "http://localhost:3000/" "Mozilla/5.0 (X11; Linux x86_64) AppleWebKit/537.36 (KHTML, like Gecko) Chrome/88.0.4324.150 Safari/537.36
::1 - [viernes, 19/02/2021, 10:35:37 ] "GET /api/v1/auth/token - renewToken HTTP/1.1" 200 276 "http://localhost:3000/" "Mozilla/5.0 (X11; Linux x86_64) AppleWebKit/537.36 (KHTML, like Gecko) Chrome/88.0.4324.150 Safari/537.36
::1 - [viernes, 19/02/2021, 10:35:37 ] "GET /api/v1/auth/token - renewToken HTTP/1.1" 200 276 "http://localhost:3000/" "Mozilla/5.0 (X11; Linux x86_64) AppleWebKit/537.36 (KHTML, like Gecko) Chrome/88.0.4324.150 Safari/537.36
::1 - [viernes, 19/02/2021, 10:35:37 ] "GET /api/v1/auth/token - renewToken HTTP/1.1" 200 276 "http://localhost:3000/" "Mozilla/5.0 (X11; Linux x86_64) AppleWebKit/537.36 (KHTML, like Gecko) Chrome/88.0.4324.150 Safari/537.36
::1 - [viernes, 19/02/2021, 10:35:37 ] "GET /api/v1/auth/token - renewToken HTTP/1.1" 200 276 "http://localhost:3000/" "Mozilla/5.0 (X11; Linux x86_64) AppleWebKit/537.36 (KHTML, like Gecko) Chrome/88.0.4324.150 Safari/537.36
::1 - [viernes, 19/02/2021, 10:35:37 ] "GET /api/v1/auth/token - renewToken HTTP/1.1" 200 276 "http://localhost:3000/" "Mozilla/5.0 (X11; Linux x86_64) AppleWebKit/537.36 (KHTML, like Gecko) Chrome/88.0.4324.150 Safari/537.36
::1 - [viernes, 19/02/2021, 10:35:37 ] "GET /api/v1/auth/token - renewToken HTTP/1.1" 200 276 "http://localhost:3000/" "Mozilla/5.0 (X11; Linux x86_64) AppleWebKit/537.36 (KHTML, like Gecko) Chrome/88.0.4324.150 Safari/537.36
::1 - [viernes, 19/02/2021, 10:35:37 ] "GET /api/v1/auth/token - renewToken HTTP/1.1" 200 276 "http://localhost:3000/" "Mozilla/5.0 (X11; Linux x86_64) AppleWebKit/537.36 (KHTML, like Gecko) Chrome/88.0.4324.150 Safari/537.36
::1 - [viernes, 19/02/2021, 10:35:37 ] "GET /api/v1/auth/token - renewToken HTTP/1.1" 200 276 "http://localhost:3000/" "Mozilla/5.0 (X11; Linux x86_64) AppleWebKit/537.36 (KHTML, like Gecko) Chrome/88.0.4324.150 Safari/537.36
::1 - [viernes, 19/02/2021, 10:35:37 ] "GET /api/v1/auth/token - renewToken HTTP/1.1" 200 276 "http://localhost:3000/" "Mozilla/5.0 (X11; Linux x86_64) AppleWebKit/537.36 (KHTML, like Gecko) Chrome/88.0.4324.150 Safari/537.36
::1 - [viernes, 19/02/2021, 10:35:37 ] "GET /api/v1/auth/token - renewToken HTTP/1.1" 200 276 "http://localhost:3000/" "Mozilla/5.0 (X11; Linux x86_64) AppleWebKit/537.36 (KHTML, like Gecko) Chrome/88.0.4324.150 Safari/537.36
::1 - [viernes, 19/02/2021, 10:35:37 ] "GET /api/v1/auth/token - renewToken HTTP/1.1" 200 276 "http://localhost:3000/" "Mozilla/5.0 (X11; Linux x86_64) AppleWebKit/537.36 (KHTML, like Gecko) Chrome/88.0.4324.150 Safari/537.36
::1 - [viernes, 19/02/2021, 10:35:37 ] "GET /api/v1/auth/token - renewToken HTTP/1.1" 200 276 "http://localhost:3000/" "Mozilla/5.0 (X11; Linux x86_64) AppleWebKit/537.36 (KHTML, like Gecko) Chrome/88.0.4324.150 Safari/537.36
::1 - [viernes, 19/02/2021, 10:35:37 ] "GET /api/v1/auth/token - renewToken HTTP/1.1" 200 276 "http://localhost:3000/" "Mozilla/5.0 (X11; Linux x86_64) AppleWebKit/537.36 (KHTML, like Gecko) Chrome/88.0.4324.150 Safari/537.36
::1 - [viernes, 19/02/2021, 10:35:37 ] "GET /api/v1/auth/token - renewToken HTTP/1.1" 200 276 "http://localhost:3000/" "Mozilla/5.0 (X11; Linux x86_64) AppleWebKit/537.36 (KHTML, like Gecko) Chrome/88.0.4324.150 Safari/537.36
::1 - [viernes, 19/02/2021, 10:35:37 ] "GET /api/v1/auth/token - renewToken HTTP/1.1" 200 276 "http://localhost:3000/" "Mozilla/5.0 (X11; Linux x86_64) AppleWebKit/537.36 (KHTML, like Gecko) Chrome/88.0.4324.150 Safari/537.36
::1 - [viernes, 19/02/2021, 10:35:37 ] "GET /api/v1/auth/token - renewToken HTTP/1.1" 200 276 "http://localhost:3000/" "Mozilla/5.0 (X11; Linux x86_64) AppleWebKit/537.36 (KHTML, like Gecko) Chrome/88.0.4324.150 Safari/537.36
::1 - [viernes, 19/02/2021, 10:35:37 ] "GET /api/v1/auth/token - renewToken HTTP/1.1" 200 276 "http://localhost:3000/" "Mozilla/5.0 (X11; Linux x86_64) AppleWebKit/537.36 (KHTML, like Gecko) Chrome/88.0.4324.150 Safari/537.36
::1 - [viernes, 19/02/2021, 10:35:37 ] "GET /api/v1/auth/token - renewToken HTTP/1.1" 200 276 "http://localhost:3000/" "Mozilla/5.0 (X11; Linux x86_64) AppleWebKit/537.36 (KHTML, like Gecko) Chrome/88.0.4324.150 Safari/537.36
::1 - [viernes, 19/02/2021, 10:35:37 ] "GET /api/v1/auth/token - renewToken HTTP/1.1" 200 276 "http://localhost:3000/" "Mozilla/5.0 (X11; Linux x86_64) AppleWebKit/537.36 (KHTML, like Gecko) Chrome/88.0.4324.150 Safari/537.36
::1 - [viernes, 19/02/2021, 10:35:37 ] "GET /api/v1/auth/token - renewToken HTTP/1.1" 200 276 "http://localhost:3000/" "Mozilla/5.0 (X11; Linux x86_64) AppleWebKit/537.36 (KHTML, like Gecko) Chrome/88.0.4324.150 Safari/537.36
::1 - [viernes, 19/02/2021, 10:35:37 ] "GET /api/v1/auth/token - renewToken HTTP/1.1" 200 276 "http://localhost:3000/" "Mozilla/5.0 (X11; Linux x86_64) AppleWebKit/537.36 (KHTML, like Gecko) Chrome/88.0.4324.150 Safari/537.36
::1 - [viernes, 19/02/2021, 10:35:37 ] "GET /api/v1/auth/token - renewToken HTTP/1.1" 200 276 "http://localhost:3000/" "Mozilla/5.0 (X11; Linux x86_64) AppleWebKit/537.36 (KHTML, like Gecko) Chrome/88.0.4324.150 Safari/537.36
::1 - [viernes, 19/02/2021, 10:35:37 ] "GET /api/v1/auth/token - renewToken HTTP/1.1" 200 276 "http://localhost:3000/" "Mozilla/5.0 (X11; Linux x86_64) AppleWebKit/537.36 (KHTML, like Gecko) Chrome/88.0.4324.150 Safari/537.36
::1 - [viernes, 19/02/2021, 10:35:37 ] "GET /api/v1/auth/token - renewToken HTTP/1.1" 200 276 "http://localhost:3000/" "Mozilla/5.0 (X11; Linux x86_64) AppleWebKit/537.36 (KHTML, like Gecko) Chrome/88.0.4324.150 Safari/537.36
::1 - [viernes, 19/02/2021, 10:35:37 ] "GET /api/v1/auth/token - renewToken HTTP/1.1" 200 276 "http://localhost:3000/" "Mozilla/5.0 (X11; Linux x86_64) AppleWebKit/537.36 (KHTML, like Gecko) Chrome/88.0.4324.150 Safari/537.36
::1 - [viernes, 19/02/2021, 10:35:37 ] "GET /api/v1/auth/token - renewToken HTTP/1.1" 200 276 "http://localhost:3000/" "Mozilla/5.0 (X11; Linux x86_64) AppleWebKit/537.36 (KHTML, like Gecko) Chrome/88.0.4324.150 Safari/537.36
::1 - [viernes, 19/02/2021, 10:35:37 ] "GET /api/v1/auth/token - renewToken HTTP/1.1" 200 276 "http://localhost:3000/" "Mozilla/5.0 (X11; Linux x86_64) AppleWebKit/537.36 (KHTML, like Gecko) Chrome/88.0.4324.150 Safari/537.36
::1 - [viernes, 19/02/2021, 10:35:37 ] "GET /api/v1/auth/token - renewToken HTTP/1.1" 200 276 "http://localhost:3000/" "Mozilla/5.0 (X11; Linux x86_64) AppleWebKit/537.36 (KHTML, like Gecko) Chrome/88.0.4324.150 Safari/537.36
::1 - [viernes, 19/02/2021, 10:35:37 ] "GET /api/v1/auth/token - renewToken HTTP/1.1" 200 276 "http://localhost:3000/" "Mozilla/5.0 (X11; Linux x86_64) AppleWebKit/537.36 (KHTML, like Gecko) Chrome/88.0.4324.150 Safari/537.36
::1 - [viernes, 19/02/2021, 10:35:37 ] "GET /api/v1/auth/token - renewToken HTTP/1.1" 200 276 "http://localhost:3000/" "Mozilla/5.0 (X11; Linux x86_64) AppleWebKit/537.36 (KHTML, like Gecko) Chrome/88.0.4324.150 Safari/537.36
::1 - [viernes, 19/02/2021, 10:35:37 ] "GET /api/v1/auth/token - renewToken HTTP/1.1" 200 276 "http://localhost:3000/" "Mozilla/5.0 (X11; Linux x86_64) AppleWebKit/537.36 (KHTML, like Gecko) Chrome/88.0.4324.150 Safari/537.36
::1 - [viernes, 19/02/2021, 10:39:54 ] "GET /api/v1/auth/token - renewToken HTTP/1.1" 200 276 "http://localhost:3000/" "Mozilla/5.0 (X11; Linux x86_64) AppleWebKit/537.36 (KHTML, like Gecko) Chrome/88.0.4324.150 Safari/537.36
::1 - [viernes, 19/02/2021, 10:39:54 ] "GET /api/v1/auth/token - renewToken HTTP/1.1" 200 276 "http://localhost:3000/" "Mozilla/5.0 (X11; Linux x86_64) AppleWebKit/537.36 (KHTML, like Gecko) Chrome/88.0.4324.150 Safari/537.36
::1 - [viernes, 19/02/2021, 10:39:54 ] "GET /api/v1/auth/token - renewToken HTTP/1.1" 200 276 "http://localhost:3000/" "Mozilla/5.0 (X11; Linux x86_64) AppleWebKit/537.36 (KHTML, like Gecko) Chrome/88.0.4324.150 Safari/537.36
::1 - [viernes, 19/02/2021, 10:39:54 ] "GET /api/v1/auth/token - renewToken HTTP/1.1" 200 276 "http://localhost:3000/" "Mozilla/5.0 (X11; Linux x86_64) AppleWebKit/537.36 (KHTML, like Gecko) Chrome/88.0.4324.150 Safari/537.36
::1 - [viernes, 19/02/2021, 10:39:54 ] "GET /api/v1/auth/token - renewToken HTTP/1.1" 200 276 "http://localhost:3000/" "Mozilla/5.0 (X11; Linux x86_64) AppleWebKit/537.36 (KHTML, like Gecko) Chrome/88.0.4324.150 Safari/537.36
::1 - [viernes, 19/02/2021, 10:39:54 ] "GET /api/v1/auth/token - renewToken HTTP/1.1" 200 276 "http://localhost:3000/" "Mozilla/5.0 (X11; Linux x86_64) AppleWebKit/537.36 (KHTML, like Gecko) Chrome/88.0.4324.150 Safari/537.36
::1 - [viernes, 19/02/2021, 10:39:54 ] "GET /api/v1/auth/token - renewToken HTTP/1.1" 200 276 "http://localhost:3000/" "Mozilla/5.0 (X11; Linux x86_64) AppleWebKit/537.36 (KHTML, like Gecko) Chrome/88.0.4324.150 Safari/537.36
::1 - [viernes, 19/02/2021, 10:39:54 ] "GET /api/v1/auth/token - renewToken HTTP/1.1" 200 276 "http://localhost:3000/" "Mozilla/5.0 (X11; Linux x86_64) AppleWebKit/537.36 (KHTML, like Gecko) Chrome/88.0.4324.150 Safari/537.36
::1 - [viernes, 19/02/2021, 10:39:54 ] "GET /api/v1/auth/token - renewToken HTTP/1.1" 200 276 "http://localhost:3000/" "Mozilla/5.0 (X11; Linux x86_64) AppleWebKit/537.36 (KHTML, like Gecko) Chrome/88.0.4324.150 Safari/537.36
::1 - [viernes, 19/02/2021, 10:39:54 ] "GET /api/v1/auth/token - renewToken HTTP/1.1" 200 276 "http://localhost:3000/" "Mozilla/5.0 (X11; Linux x86_64) AppleWebKit/537.36 (KHTML, like Gecko) Chrome/88.0.4324.150 Safari/537.36
::1 - [viernes, 19/02/2021, 10:39:54 ] "GET /api/v1/auth/token - renewToken HTTP/1.1" 200 276 "http://localhost:3000/" "Mozilla/5.0 (X11; Linux x86_64) AppleWebKit/537.36 (KHTML, like Gecko) Chrome/88.0.4324.150 Safari/537.36
::1 - [viernes, 19/02/2021, 10:39:54 ] "GET /api/v1/auth/token - renewToken HTTP/1.1" 200 276 "http://localhost:3000/" "Mozilla/5.0 (X11; Linux x86_64) AppleWebKit/537.36 (KHTML, like Gecko) Chrome/88.0.4324.150 Safari/537.36
::1 - [viernes, 19/02/2021, 10:39:54 ] "GET /api/v1/auth/token - renewToken HTTP/1.1" 200 276 "http://localhost:3000/" "Mozilla/5.0 (X11; Linux x86_64) AppleWebKit/537.36 (KHTML, like Gecko) Chrome/88.0.4324.150 Safari/537.36
::1 - [viernes, 19/02/2021, 10:39:54 ] "GET /api/v1/auth/token - renewToken HTTP/1.1" 200 276 "http://localhost:3000/" "Mozilla/5.0 (X11; Linux x86_64) AppleWebKit/537.36 (KHTML, like Gecko) Chrome/88.0.4324.150 Safari/537.36
::1 - [viernes, 19/02/2021, 10:39:54 ] "GET /api/v1/auth/token - renewToken HTTP/1.1" 200 276 "http://localhost:3000/" "Mozilla/5.0 (X11; Linux x86_64) AppleWebKit/537.36 (KHTML, like Gecko) Chrome/88.0.4324.150 Safari/537.36
::1 - [viernes, 19/02/2021, 10:39:54 ] "GET /api/v1/auth/token - renewToken HTTP/1.1" 200 276 "http://localhost:3000/" "Mozilla/5.0 (X11; Linux x86_64) AppleWebKit/537.36 (KHTML, like Gecko) Chrome/88.0.4324.150 Safari/537.36
::1 - [viernes, 19/02/2021, 10:39:54 ] "GET /api/v1/auth/token - renewToken HTTP/1.1" 200 276 "http://localhost:3000/" "Mozilla/5.0 (X11; Linux x86_64) AppleWebKit/537.36 (KHTML, like Gecko) Chrome/88.0.4324.150 Safari/537.36
::1 - [viernes, 19/02/2021, 10:39:54 ] "GET /api/v1/auth/token - renewToken HTTP/1.1" 200 276 "http://localhost:3000/" "Mozilla/5.0 (X11; Linux x86_64) AppleWebKit/537.36 (KHTML, like Gecko) Chrome/88.0.4324.150 Safari/537.36
::1 - [viernes, 19/02/2021, 10:39:54 ] "GET /api/v1/auth/token - renewToken HTTP/1.1" 200 276 "http://localhost:3000/" "Mozilla/5.0 (X11; Linux x86_64) AppleWebKit/537.36 (KHTML, like Gecko) Chrome/88.0.4324.150 Safari/537.36
::1 - [viernes, 19/02/2021, 10:39:54 ] "GET /api/v1/auth/token - renewToken HTTP/1.1" 200 276 "http://localhost:3000/" "Mozilla/5.0 (X11; Linux x86_64) AppleWebKit/537.36 (KHTML, like Gecko) Chrome/88.0.4324.150 Safari/537.36
::1 - [viernes, 19/02/2021, 10:39:54 ] "GET /api/v1/auth/token - renewToken HTTP/1.1" 200 276 "http://localhost:3000/" "Mozilla/5.0 (X11; Linux x86_64) AppleWebKit/537.36 (KHTML, like Gecko) Chrome/88.0.4324.150 Safari/537.36
::1 - [viernes, 19/02/2021, 10:39:54 ] "GET /api/v1/auth/token - renewToken HTTP/1.1" 200 276 "http://localhost:3000/" "Mozilla/5.0 (X11; Linux x86_64) AppleWebKit/537.36 (KHTML, like Gecko) Chrome/88.0.4324.150 Safari/537.36
::1 - [viernes, 19/02/2021, 10:39:54 ] "GET /api/v1/auth/token - renewToken HTTP/1.1" 200 276 "http://localhost:3000/" "Mozilla/5.0 (X11; Linux x86_64) AppleWebKit/537.36 (KHTML, like Gecko) Chrome/88.0.4324.150 Safari/537.36
::1 - [viernes, 19/02/2021, 10:39:54 ] "GET /api/v1/auth/token - renewToken HTTP/1.1" 200 276 "http://localhost:3000/" "Mozilla/5.0 (X11; Linux x86_64) AppleWebKit/537.36 (KHTML, like Gecko) Chrome/88.0.4324.150 Safari/537.36
::1 - [viernes, 19/02/2021, 10:39:54 ] "GET /api/v1/auth/token - renewToken HTTP/1.1" 200 276 "http://localhost:3000/" "Mozilla/5.0 (X11; Linux x86_64) AppleWebKit/537.36 (KHTML, like Gecko) Chrome/88.0.4324.150 Safari/537.36
::1 - [viernes, 19/02/2021, 10:39:54 ] "GET /api/v1/auth/token - renewToken HTTP/1.1" 200 276 "http://localhost:3000/" "Mozilla/5.0 (X11; Linux x86_64) AppleWebKit/537.36 (KHTML, like Gecko) Chrome/88.0.4324.150 Safari/537.36
::1 - [viernes, 19/02/2021, 10:39:54 ] "GET /api/v1/auth/token - renewToken HTTP/1.1" 200 276 "http://localhost:3000/" "Mozilla/5.0 (X11; Linux x86_64) AppleWebKit/537.36 (KHTML, like Gecko) Chrome/88.0.4324.150 Safari/537.36
::1 - [viernes, 19/02/2021, 10:39:54 ] "GET /api/v1/auth/token - renewToken HTTP/1.1" 200 276 "http://localhost:3000/" "Mozilla/5.0 (X11; Linux x86_64) AppleWebKit/537.36 (KHTML, like Gecko) Chrome/88.0.4324.150 Safari/537.36
::1 - [viernes, 19/02/2021, 10:39:54 ] "GET /api/v1/auth/token - renewToken HTTP/1.1" 200 276 "http://localhost:3000/" "Mozilla/5.0 (X11; Linux x86_64) AppleWebKit/537.36 (KHTML, like Gecko) Chrome/88.0.4324.150 Safari/537.36
::1 - [viernes, 19/02/2021, 10:39:54 ] "GET /api/v1/auth/token - renewToken HTTP/1.1" 200 276 "http://localhost:3000/" "Mozilla/5.0 (X11; Linux x86_64) AppleWebKit/537.36 (KHTML, like Gecko) Chrome/88.0.4324.150 Safari/537.36
::1 - [viernes, 19/02/2021, 10:39:54 ] "GET /api/v1/auth/token - renewToken HTTP/1.1" 200 276 "http://localhost:3000/" "Mozilla/5.0 (X11; Linux x86_64) AppleWebKit/537.36 (KHTML, like Gecko) Chrome/88.0.4324.150 Safari/537.36
::1 - [viernes, 19/02/2021, 10:39:54 ] "GET /api/v1/auth/token - renewToken HTTP/1.1" 200 276 "http://localhost:3000/" "Mozilla/5.0 (X11; Linux x86_64) AppleWebKit/537.36 (KHTML, like Gecko) Chrome/88.0.4324.150 Safari/537.36
::1 - [viernes, 19/02/2021, 10:39:54 ] "GET /api/v1/auth/token - renewToken HTTP/1.1" 200 276 "http://localhost:3000/" "Mozilla/5.0 (X11; Linux x86_64) AppleWebKit/537.36 (KHTML, like Gecko) Chrome/88.0.4324.150 Safari/537.36
::1 - [viernes, 19/02/2021, 10:39:54 ] "GET /api/v1/auth/token - renewToken HTTP/1.1" 200 276 "http://localhost:3000/" "Mozilla/5.0 (X11; Linux x86_64) AppleWebKit/537.36 (KHTML, like Gecko) Chrome/88.0.4324.150 Safari/537.36
::1 - [viernes, 19/02/2021, 10:39:54 ] "GET /api/v1/auth/token - renewToken HTTP/1.1" 200 276 "http://localhost:3000/" "Mozilla/5.0 (X11; Linux x86_64) AppleWebKit/537.36 (KHTML, like Gecko) Chrome/88.0.4324.150 Safari/537.36
::1 - [viernes, 19/02/2021, 10:39:54 ] "GET /api/v1/auth/token - renewToken HTTP/1.1" 200 276 "http://localhost:3000/" "Mozilla/5.0 (X11; Linux x86_64) AppleWebKit/537.36 (KHTML, like Gecko) Chrome/88.0.4324.150 Safari/537.36
::1 - [viernes, 19/02/2021, 10:39:54 ] "GET /api/v1/auth/token - renewToken HTTP/1.1" 200 276 "http://localhost:3000/" "Mozilla/5.0 (X11; Linux x86_64) AppleWebKit/537.36 (KHTML, like Gecko) Chrome/88.0.4324.150 Safari/537.36
::1 - [viernes, 19/02/2021, 10:39:54 ] "GET /api/v1/auth/token - renewToken HTTP/1.1" 200 276 "http://localhost:3000/" "Mozilla/5.0 (X11; Linux x86_64) AppleWebKit/537.36 (KHTML, like Gecko) Chrome/88.0.4324.150 Safari/537.36
::1 - [viernes, 19/02/2021, 10:39:54 ] "POST /api/v1/auth/login - login HTTP/1.1" 201 276 "http://localhost:3000/auth/login" "Mozilla/5.0 (X11; Linux x86_64) AppleWebKit/537.36 (KHTML, like Gecko) Chrome/88.0.4324.150 Safari/537.36
::1 - [viernes, 19/02/2021, 11:09:55 ] "POST /api/v1/auth/login - login HTTP/1.1" 201 276 "http://localhost:3000/auth/login" "Mozilla/5.0 (X11; Linux x86_64) AppleWebKit/537.36 (KHTML, like Gecko) Chrome/88.0.4324.150 Safari/537.36
::1 - [viernes, 19/02/2021, 11:09:55 ] "POST /api/v1/auth/login - login HTTP/1.1" 201 276 "http://localhost:3000/auth/login" "Mozilla/5.0 (X11; Linux x86_64) AppleWebKit/537.36 (KHTML, like Gecko) Chrome/88.0.4324.150 Safari/537.36
::1 - [viernes, 19/02/2021, 11:09:55 ] "POST /api/v1/auth/login - login HTTP/1.1" 201 276 "http://localhost:3000/auth/login" "Mozilla/5.0 (X11; Linux x86_64) AppleWebKit/537.36 (KHTML, like Gecko) Chrome/88.0.4324.150 Safari/537.36
::1 - [viernes, 19/02/2021, 11:09:55 ] "POST /api/v1/auth/login - login HTTP/1.1" 201 276 "http://localhost:3000/auth/login" "Mozilla/5.0 (X11; Linux x86_64) AppleWebKit/537.36 (KHTML, like Gecko) Chrome/88.0.4324.150 Safari/537.36
::1 - [viernes, 19/02/2021, 11:09:55 ] "POST /api/v1/auth/login - login HTTP/1.1" 201 276 "http://localhost:3000/auth/login" "Mozilla/5.0 (X11; Linux x86_64) AppleWebKit/537.36 (KHTML, like Gecko) Chrome/88.0.4324.150 Safari/537.36
::1 - [viernes, 19/02/2021, 11:09:55 ] "POST /api/v1/auth/login - login HTTP/1.1" 201 276 "http://localhost:3000/auth/login" "Mozilla/5.0 (X11; Linux x86_64) AppleWebKit/537.36 (KHTML, like Gecko) Chrome/88.0.4324.150 Safari/537.36
::1 - [viernes, 19/02/2021, 11:09:55 ] "POST /api/v1/auth/login - login HTTP/1.1" 201 276 "http://localhost:3000/auth/login" "Mozilla/5.0 (X11; Linux x86_64) AppleWebKit/537.36 (KHTML, like Gecko) Chrome/88.0.4324.150 Safari/537.36
::1 - [viernes, 19/02/2021, 11:09:55 ] "POST /api/v1/auth/login - login HTTP/1.1" 201 276 "http://localhost:3000/auth/login" "Mozilla/5.0 (X11; Linux x86_64) AppleWebKit/537.36 (KHTML, like Gecko) Chrome/88.0.4324.150 Safari/537.36
::1 - [viernes, 19/02/2021, 11:09:55 ] "POST /api/v1/auth/login - login HTTP/1.1" 201 276 "http://localhost:3000/auth/login" "Mozilla/5.0 (X11; Linux x86_64) AppleWebKit/537.36 (KHTML, like Gecko) Chrome/88.0.4324.150 Safari/537.36
::1 - [viernes, 19/02/2021, 11:09:55 ] "POST /api/v1/auth/login - login HTTP/1.1" 201 276 "http://localhost:3000/auth/login" "Mozilla/5.0 (X11; Linux x86_64) AppleWebKit/537.36 (KHTML, like Gecko) Chrome/88.0.4324.150 Safari/537.36
::1 - [viernes, 19/02/2021, 11:09:55 ] "POST /api/v1/auth/login - login HTTP/1.1" 201 276 "http://localhost:3000/auth/login" "Mozilla/5.0 (X11; Linux x86_64) AppleWebKit/537.36 (KHTML, like Gecko) Chrome/88.0.4324.150 Safari/537.36
::1 - [viernes, 19/02/2021, 11:09:55 ] "POST /api/v1/auth/login - login HTTP/1.1" 201 276 "http://localhost:3000/auth/login" "Mozilla/5.0 (X11; Linux x86_64) AppleWebKit/537.36 (KHTML, like Gecko) Chrome/88.0.4324.150 Safari/537.36
::1 - [viernes, 19/02/2021, 11:09:55 ] "POST /api/v1/auth/login - login HTTP/1.1" 201 276 "http://localhost:3000/auth/login" "Mozilla/5.0 (X11; Linux x86_64) AppleWebKit/537.36 (KHTML, like Gecko) Chrome/88.0.4324.150 Safari/537.36
::1 - [viernes, 19/02/2021, 11:09:55 ] "POST /api/v1/auth/login - login HTTP/1.1" 201 276 "http://localhost:3000/auth/login" "Mozilla/5.0 (X11; Linux x86_64) AppleWebKit/537.36 (KHTML, like Gecko) Chrome/88.0.4324.150 Safari/537.36
::1 - [viernes, 19/02/2021, 12:13:08 ] "POST /api/v1/auth/login - login HTTP/1.1" 201 276 "http://localhost:3000/auth/login" "Mozilla/5.0 (X11; Linux x86_64) AppleWebKit/537.36 (KHTML, like Gecko) Chrome/88.0.4324.150 Safari/537.36
::1 - [viernes, 19/02/2021, 12:26:25 ] "POST /api/v1/auth/login - login HTTP/1.1" 201 276 "http://localhost:3000/auth/login" "Mozilla/5.0 (X11; Linux x86_64) AppleWebKit/537.36 (KHTML, like Gecko) Chrome/88.0.4324.150 Safari/537.36
::1 - [viernes, 19/02/2021, 12:26:25 ] "GET /api/v1/auth/token - renewToken HTTP/1.1" 200 276 "http://localhost:3000/" "Mozilla/5.0 (X11; Linux x86_64) AppleWebKit/537.36 (KHTML, like Gecko) Chrome/88.0.4324.150 Safari/537.36
::1 - [viernes, 19/02/2021, 12:26:25 ] "GET /api/v1/auth/token - renewToken HTTP/1.1" 200 276 "http://localhost:3000/" "Mozilla/5.0 (X11; Linux x86_64) AppleWebKit/537.36 (KHTML, like Gecko) Chrome/88.0.4324.150 Safari/537.36
::1 - [viernes, 19/02/2021, 12:28:10 ] "GET /api/v1/auth/token - renewToken HTTP/1.1" 200 276 "http://localhost:3000/" "Mozilla/5.0 (X11; Linux x86_64) AppleWebKit/537.36 (KHTML, like Gecko) Chrome/88.0.4324.150 Safari/537.36
::1 - [viernes, 19/02/2021, 12:28:10 ] "GET /api/v1/auth/token - renewToken HTTP/1.1" 200 276 "http://localhost:3000/auth/login" "Mozilla/5.0 (X11; Linux x86_64) AppleWebKit/537.36 (KHTML, like Gecko) Chrome/88.0.4324.150 Safari/537.36
::1 - [viernes, 19/02/2021, 12:28:10 ] "POST /api/v1/auth/login - login HTTP/1.1" 201 276 "http://localhost:3000/auth/login" "Mozilla/5.0 (X11; Linux x86_64) AppleWebKit/537.36 (KHTML, like Gecko) Chrome/88.0.4324.150 Safari/537.36
::1 - [viernes, 19/02/2021, 12:28:10 ] "GET /api/v1/auth/token - renewToken HTTP/1.1" 200 276 "http://localhost:3000/" "Mozilla/5.0 (X11; Linux x86_64) AppleWebKit/537.36 (KHTML, like Gecko) Chrome/88.0.4324.150 Safari/537.36
::1 - [viernes, 19/02/2021, 12:28:10 ] "GET /api/v1/auth/token - renewToken HTTP/1.1" 200 276 "http://localhost:3000/" "Mozilla/5.0 (X11; Linux x86_64) AppleWebKit/537.36 (KHTML, like Gecko) Chrome/88.0.4324.150 Safari/537.36
::1 - [viernes, 19/02/2021, 12:28:10 ] "GET /api/v1/auth/token - renewToken HTTP/1.1" 200 276 "http://localhost:3000/" "Mozilla/5.0 (X11; Linux x86_64) AppleWebKit/537.36 (KHTML, like Gecko) Chrome/88.0.4324.150 Safari/537.36
::1 - [viernes, 19/02/2021, 12:28:10 ] "GET /api/v1/auth/token - renewToken HTTP/1.1" 200 276 "http://localhost:3000/" "Mozilla/5.0 (X11; Linux x86_64) AppleWebKit/537.36 (KHTML, like Gecko) Chrome/88.0.4324.150 Safari/537.36
::1 - [viernes, 19/02/2021, 12:28:10 ] "GET /api/v1/auth/token - renewToken HTTP/1.1" 200 276 "http://localhost:3000/" "Mozilla/5.0 (X11; Linux x86_64) AppleWebKit/537.36 (KHTML, like Gecko) Chrome/88.0.4324.150 Safari/537.36
::1 - [viernes, 19/02/2021, 12:28:10 ] "GET /api/v1/auth/token - renewToken HTTP/1.1" 200 276 "http://localhost:3000/" "Mozilla/5.0 (X11; Linux x86_64) AppleWebKit/537.36 (KHTML, like Gecko) Chrome/88.0.4324.150 Safari/537.36
::1 - [viernes, 19/02/2021, 12:28:10 ] "POST /api/v1/auth/login - login HTTP/1.1" 201 276 "http://localhost:3000/auth/login" "Mozilla/5.0 (X11; Linux x86_64) AppleWebKit/537.36 (KHTML, like Gecko) Chrome/88.0.4324.150 Safari/537.36
::1 - [viernes, 19/02/2021, 12:28:10 ] "GET /api/v1/auth/token - renewToken HTTP/1.1" 200 276 "http://localhost:3000/" "Mozilla/5.0 (X11; Linux x86_64) AppleWebKit/537.36 (KHTML, like Gecko) Chrome/88.0.4324.150 Safari/537.36
::1 - [viernes, 19/02/2021, 12:28:10 ] "GET /api/v1/auth/token - renewToken HTTP/1.1" 200 276 "http://localhost:3000/" "Mozilla/5.0 (X11; Linux x86_64) AppleWebKit/537.36 (KHTML, like Gecko) Chrome/88.0.4324.150 Safari/537.36
::1 - [viernes, 19/02/2021, 12:28:10 ] "GET /api/v1/auth/token - renewToken HTTP/1.1" 200 276 "http://localhost:3000/" "Mozilla/5.0 (X11; Linux x86_64) AppleWebKit/537.36 (KHTML, like Gecko) Chrome/88.0.4324.150 Safari/537.36
::1 - [viernes, 19/02/2021, 12:28:10 ] "GET /api/v1/auth/token - renewToken HTTP/1.1" 200 276 "http://localhost:3000/" "Mozilla/5.0 (X11; Linux x86_64) AppleWebKit/537.36 (KHTML, like Gecko) Chrome/88.0.4324.150 Safari/537.36
::1 - [viernes, 19/02/2021, 12:28:10 ] "GET /api/v1/auth/token - renewToken HTTP/1.1" 200 276 "http://localhost:3000/" "Mozilla/5.0 (X11; Linux x86_64) AppleWebKit/537.36 (KHTML, like Gecko) Chrome/88.0.4324.150 Safari/537.36
::1 - [viernes, 19/02/2021, 12:28:10 ] "GET /api/v1/auth/token - renewToken HTTP/1.1" 200 276 "http://localhost:3000/" "Mozilla/5.0 (X11; Linux x86_64) AppleWebKit/537.36 (KHTML, like Gecko) Chrome/88.0.4324.150 Safari/537.36
::1 - [viernes, 19/02/2021, 12:28:10 ] "GET /api/v1/auth/token - renewToken HTTP/1.1" 200 276 "http://localhost:3000/" "Mozilla/5.0 (X11; Linux x86_64) AppleWebKit/537.36 (KHTML, like Gecko) Chrome/88.0.4324.150 Safari/537.36
::1 - [viernes, 19/02/2021, 12:28:10 ] "GET /api/v1/auth/token - renewToken HTTP/1.1" 200 276 "http://localhost:3000/" "Mozilla/5.0 (X11; Linux x86_64) AppleWebKit/537.36 (KHTML, like Gecko) Chrome/88.0.4324.150 Safari/537.36
::1 - [viernes, 19/02/2021, 12:28:10 ] "GET /api/v1/auth/token - renewToken HTTP/1.1" 200 276 "http://localhost:3000/" "Mozilla/5.0 (X11; Linux x86_64) AppleWebKit/537.36 (KHTML, like Gecko) Chrome/88.0.4324.150 Safari/537.36
::1 - [viernes, 19/02/2021, 12:28:10 ] "GET /api/v1/auth/token - renewToken HTTP/1.1" 200 276 "http://localhost:3000/" "Mozilla/5.0 (X11; Linux x86_64) AppleWebKit/537.36 (KHTML, like Gecko) Chrome/88.0.4324.150 Safari/537.36
::1 - [viernes, 19/02/2021, 12:28:10 ] "POST /api/v1/auth/login - login HTTP/1.1" 201 276 "http://localhost:3000/auth/login" "Mozilla/5.0 (X11; Linux x86_64) AppleWebKit/537.36 (KHTML, like Gecko) Chrome/88.0.4324.150 Safari/537.36
::1 - [viernes, 19/02/2021, 12:28:10 ] "POST /api/v1/auth/login - login HTTP/1.1" 201 276 "http://localhost:3000/auth/login" "Mozilla/5.0 (X11; Linux x86_64) AppleWebKit/537.36 (KHTML, like Gecko) Chrome/88.0.4324.150 Safari/537.36
::1 - [viernes, 19/02/2021, 12:28:10 ] "GET /api/v1/auth/token - renewToken HTTP/1.1" 200 276 "http://localhost:3000/" "Mozilla/5.0 (X11; Linux x86_64) AppleWebKit/537.36 (KHTML, like Gecko) Chrome/88.0.4324.150 Safari/537.36
::1 - [viernes, 19/02/2021, 12:28:10 ] "GET /api/v1/auth/token - renewToken HTTP/1.1" 200 276 "http://localhost:3000/" "Mozilla/5.0 (X11; Linux x86_64) AppleWebKit/537.36 (KHTML, like Gecko) Chrome/88.0.4324.150 Safari/537.36
::1 - [viernes, 19/02/2021, 12:28:10 ] "GET /api/v1/auth/token - renewToken HTTP/1.1" 200 276 "http://localhost:3000/" "Mozilla/5.0 (X11; Linux x86_64) AppleWebKit/537.36 (KHTML, like Gecko) Chrome/88.0.4324.150 Safari/537.36
::1 - [viernes, 19/02/2021, 12:28:10 ] "GET /api/v1/auth/token - renewToken HTTP/1.1" 200 276 "http://localhost:3000/" "Mozilla/5.0 (X11; Linux x86_64) AppleWebKit/537.36 (KHTML, like Gecko) Chrome/88.0.4324.150 Safari/537.36
::1 - [viernes, 19/02/2021, 12:28:10 ] "GET /api/v1/auth/token - renewToken HTTP/1.1" 200 276 "http://localhost:3000/" "Mozilla/5.0 (X11; Linux x86_64) AppleWebKit/537.36 (KHTML, like Gecko) Chrome/88.0.4324.150 Safari/537.36
::1 - [viernes, 19/02/2021, 12:28:10 ] "POST /api/v1/auth/login - login HTTP/1.1" 201 276 "http://localhost:3000/auth/login" "Mozilla/5.0 (X11; Linux x86_64) AppleWebKit/537.36 (KHTML, like Gecko) Chrome/88.0.4324.150 Safari/537.36
::1 - [viernes, 19/02/2021, 12:28:10 ] "POST /api/v1/auth/login - login HTTP/1.1" 201 276 "http://localhost:3000/auth/login" "Mozilla/5.0 (X11; Linux x86_64) AppleWebKit/537.36 (KHTML, like Gecko) Chrome/88.0.4324.150 Safari/537.36
::1 - [viernes, 19/02/2021, 12:28:10 ] "POST /api/v1/auth/login - login HTTP/1.1" 201 276 "http://localhost:3000/auth/login" "Mozilla/5.0 (X11; Linux x86_64) AppleWebKit/537.36 (KHTML, like Gecko) Chrome/88.0.4324.150 Safari/537.36
::1 - [viernes, 19/02/2021, 12:28:10 ] "GET /api/v1/auth/token - renewToken HTTP/1.1" 200 276 "http://localhost:3000/" "Mozilla/5.0 (X11; Linux x86_64) AppleWebKit/537.36 (KHTML, like Gecko) Chrome/88.0.4324.150 Safari/537.36
::1 - [viernes, 19/02/2021, 12:28:10 ] "GET /api/v1/auth/token - renewToken HTTP/1.1" 200 276 "http://localhost:3000/" "Mozilla/5.0 (X11; Linux x86_64) AppleWebKit/537.36 (KHTML, like Gecko) Chrome/88.0.4324.150 Safari/537.36
::1 - [viernes, 19/02/2021, 12:28:10 ] "GET /api/v1/auth/token - renewToken HTTP/1.1" 200 276 "http://localhost:3000/" "Mozilla/5.0 (X11; Linux x86_64) AppleWebKit/537.36 (KHTML, like Gecko) Chrome/88.0.4324.150 Safari/537.36
::1 - [viernes, 19/02/2021, 12:28:10 ] "GET /api/v1/auth/token - renewToken HTTP/1.1" 200 276 "http://localhost:3000/" "Mozilla/5.0 (X11; Linux x86_64) AppleWebKit/537.36 (KHTML, like Gecko) Chrome/88.0.4324.150 Safari/537.36
::1 - [viernes, 19/02/2021, 12:28:10 ] "GET /api/v1/auth/token - renewToken HTTP/1.1" 200 276 "http://localhost:3000/" "Mozilla/5.0 (X11; Linux x86_64) AppleWebKit/537.36 (KHTML, like Gecko) Chrome/88.0.4324.150 Safari/537.36
::1 - [viernes, 19/02/2021, 12:28:10 ] "GET /api/v1/auth/token - renewToken HTTP/1.1" 200 276 "http://localhost:3000/" "Mozilla/5.0 (X11; Linux x86_64) AppleWebKit/537.36 (KHTML, like Gecko) Chrome/88.0.4324.150 Safari/537.36
::1 - [viernes, 19/02/2021, 12:28:10 ] "GET /api/v1/auth/token - renewToken HTTP/1.1" 200 276 "http://localhost:3000/" "Mozilla/5.0 (X11; Linux x86_64) AppleWebKit/537.36 (KHTML, like Gecko) Chrome/88.0.4324.150 Safari/537.36
::1 - [viernes, 19/02/2021, 12:28:10 ] "GET /api/v1/auth/token - renewToken HTTP/1.1" 200 276 "http://localhost:3000/" "Mozilla/5.0 (X11; Linux x86_64) AppleWebKit/537.36 (KHTML, like Gecko) Chrome/88.0.4324.150 Safari/537.36
::1 - [viernes, 19/02/2021, 12:28:10 ] "GET /api/v1/auth/token - renewToken HTTP/1.1" 200 276 "http://localhost:3000/" "Mozilla/5.0 (X11; Linux x86_64) AppleWebKit/537.36 (KHTML, like Gecko) Chrome/88.0.4324.150 Safari/537.36
::1 - [viernes, 19/02/2021, 12:28:10 ] "POST /api/v1/auth/login - login HTTP/1.1" 201 276 "http://localhost:3000/auth/login" "Mozilla/5.0 (X11; Linux x86_64) AppleWebKit/537.36 (KHTML, like Gecko) Chrome/88.0.4324.150 Safari/537.36
::1 - [viernes, 19/02/2021, 12:28:10 ] "GET /api/v1/auth/token - renewToken HTTP/1.1" 200 276 "http://localhost:3000/" "Mozilla/5.0 (X11; Linux x86_64) AppleWebKit/537.36 (KHTML, like Gecko) Chrome/88.0.4324.150 Safari/537.36
::1 - [viernes, 19/02/2021, 12:28:10 ] "GET /api/v1/auth/token - renewToken HTTP/1.1" 200 276 "http://localhost:3000/" "Mozilla/5.0 (X11; Linux x86_64) AppleWebKit/537.36 (KHTML, like Gecko) Chrome/88.0.4324.150 Safari/537.36
::1 - [viernes, 19/02/2021, 12:28:10 ] "GET /api/v1/auth/token - renewToken HTTP/1.1" 200 276 "http://localhost:3000/" "Mozilla/5.0 (X11; Linux x86_64) AppleWebKit/537.36 (KHTML, like Gecko) Chrome/88.0.4324.150 Safari/537.36
::1 - [viernes, 19/02/2021, 12:28:10 ] "POST /api/v1/auth/login - login HTTP/1.1" 201 276 "http://localhost:3000/auth/login" "Mozilla/5.0 (X11; Linux x86_64) AppleWebKit/537.36 (KHTML, like Gecko) Chrome/88.0.4324.150 Safari/537.36
::1 - [viernes, 19/02/2021, 12:28:10 ] "POST /api/v1/auth/login - login HTTP/1.1" 201 276 "http://localhost:3000/auth/login" "Mozilla/5.0 (X11; Linux x86_64) AppleWebKit/537.36 (KHTML, like Gecko) Chrome/88.0.4324.150 Safari/537.36
