::1 - [Tuesday, 16/02/2021, 23:59:28 ] "POST /api/v1/auth/user - createUser HTTP/1.1" 500 58 "-" "PostmanRuntime/7.26.10
::1 - [Tuesday, 16/02/2021, 23:59:28 ] "POST /api/v1/auth/user - createUser HTTP/1.1" 500 58 "-" "PostmanRuntime/7.26.10
::1 - [Tuesday, 16/02/2021, 23:59:28 ] "POST /api/v1/auth/user - createUser HTTP/1.1" 500 58 "-" "PostmanRuntime/7.26.10
::1 - [Tuesday, 16/02/2021, 23:59:28 ] "POST /api/v1/auth/user - createUser HTTP/1.1" 500 58 "-" "PostmanRuntime/7.26.10
::1 - [Tuesday, 16/02/2021, 23:59:28 ] "POST /api/v1/auth/user - createUser HTTP/1.1" 500 58 "-" "PostmanRuntime/7.26.10
::1 - [Tuesday, 16/02/2021, 23:59:28 ] "POST /api/v1/auth/user - createUser HTTP/1.1" 500 58 "-" "PostmanRuntime/7.26.10
::1 - [Wednesday, 17/02/2021, 00:01:01 ] "POST /api/v1/auth/user - createUser HTTP/1.1" 500 58 "-" "PostmanRuntime/7.26.10
::1 - [Wednesday, 17/02/2021, 00:01:01 ] "POST /api/v1/auth/user - createUser HTTP/1.1" 500 58 "-" "PostmanRuntime/7.26.10
::1 - [Wednesday, 17/02/2021, 00:02:12 ] "POST /api/v1/auth/user - createUser HTTP/1.1" 500 58 "-" "PostmanRuntime/7.26.10
::1 - [Wednesday, 17/02/2021, 00:02:45 ] "POST /api/v1/auth/user - createUser HTTP/1.1" 500 58 "-" "PostmanRuntime/7.26.10
::1 - [Wednesday, 17/02/2021, 00:14:41 ] "POST /api/v1/auth/user - createUser HTTP/1.1" 500 442 "-" "PostmanRuntime/7.26.10
::1 - [Wednesday, 17/02/2021, 00:15:34 ] "POST /api/v1/auth/user - createUser HTTP/1.1" 500 12 "-" "PostmanRuntime/7.26.10
::1 - [Wednesday, 17/02/2021, 00:15:51 ] "POST /api/v1/auth/user - createUser HTTP/1.1" 500 442 "-" "PostmanRuntime/7.26.10
::1 - [Wednesday, 17/02/2021, 00:16:29 ] "POST /api/v1/auth/user - createUser HTTP/1.1" 500 267 "-" "PostmanRuntime/7.26.10
::1 - [Wednesday, 17/02/2021, 00:16:48 ] "POST /api/v1/auth/user - createUser HTTP/1.1" 500 81 "-" "PostmanRuntime/7.26.10
::1 - [Wednesday, 17/02/2021, 09:13:54 ] "POST /api/v1/events - renewToken HTTP/1.1" 400 32 "-" "PostmanRuntime/7.26.10
::1 - [Wednesday, 17/02/2021, 09:13:54 ] "POST /api/v1/events - renewToken HTTP/1.1" 400 181 "-" "PostmanRuntime/7.26.10
::1 - [Wednesday, 17/02/2021, 09:14:49 ] "POST /api/v1/events - renewToken HTTP/1.1" 400 269 "-" "PostmanRuntime/7.26.10
::1 - [Wednesday, 17/02/2021, 09:14:49 ] "POST /api/v1/events - renewToken HTTP/1.1" 400 194 "-" "PostmanRuntime/7.26.10
::1 - [Wednesday, 17/02/2021, 09:14:49 ] "POST /api/v1/events - renewToken HTTP/1.1" 400 108 "-" "PostmanRuntime/7.26.10
::1 - [Wednesday, 17/02/2021, 09:15:54 ] "POST /api/v1/events - createEvent HTTP/1.1" 500 347 "-" "PostmanRuntime/7.26.10
::1 - [Wednesday, 17/02/2021, 09:20:45 ] "GET /api/v1/events - renewToken HTTP/1.1" 400 32 "-" "PostmanRuntime/7.26.10
::1 - [Wednesday, 17/02/2021, 09:23:38 ] "PUT /api/v1/events/60256236149deb3f5516a8a3 - renewToken HTTP/1.1" 400 32 "-" "PostmanRuntime/7.26.10
::1 - [Wednesday, 17/02/2021, 09:23:38 ] "PUT /api/v1/events/60256236149deb3f5516a8a3 - updateEvent HTTP/1.1" 500 1922 "-" "PostmanRuntime/7.26.10
::1 - [Wednesday, 17/02/2021, 09:24:31 ] "PUT /api/v1/events/60256236149deb3f5516a8a3 - updateEvent HTTP/1.1" 500 1923 "-" "PostmanRuntime/7.26.10
::1 - [Wednesday, 17/02/2021, 09:26:27 ] "PUT /api/v1/events/60256236149deb3f5516a8a3 - updateEvent HTTP/1.1" 404 40 "-" "PostmanRuntime/7.26.10
::1 - [Wednesday, 17/02/2021, 09:26:27 ] "PUT /api/v1/events/602d259b3b6df327a005383e - renewToken HTTP/1.1" 400 269 "-" "PostmanRuntime/7.26.10
::1 - [Wednesday, 17/02/2021, 09:28:40 ] "PUT /api/v1/events/602d259b3b6df327a005383e - updateEvent HTTP/1.1" 403 71 "-" "PostmanRuntime/7.26.10
::1 - [Wednesday, 17/02/2021, 09:32:55 ] "PUT /api/v1/events/602d259b3b6df327a005383e - updateEvent HTTP/1.1" 403 71 "-" "PostmanRuntime/7.26.10
::1 - [Wednesday, 17/02/2021, 09:32:55 ] "PUT /api/v1/events/602d259b3b6df327a005383e - updateEvent HTTP/1.1" 403 71 "-" "PostmanRuntime/7.26.10
::1 - [Wednesday, 17/02/2021, 09:59:24 ] "DELETE /api/v1/events/60256236149deb3f5516a8a3 - renewToken HTTP/1.1" 400 32 "-" "PostmanRuntime/7.26.10
::1 - [Wednesday, 17/02/2021, 09:59:24 ] "DELETE /api/v1/events/60256236149deb3f5516a8a3 - deleteEvent HTTP/1.1" 404 40 "-" "PostmanRuntime/7.26.10
::1 - [Wednesday, 17/02/2021, 09:59:24 ] "DELETE /api/v1/events/602d259b3b6df327a005383e - deleteEvent HTTP/1.1" 404 40 "-" "PostmanRuntime/7.26.10
::1 - [jueves, 18/02/2021, 11:56:37 ] "POST /api/v1/auth/login - login HTTP/1.1" 404 38 "-" "PostmanRuntime/7.26.10
::1 - [jueves, 18/02/2021, 11:56:37 ] "POST /api/v1/auth/login - login HTTP/1.1" 404 38 "http://localhost:3000/auth/login" "Mozilla/5.0 (X11; Linux x86_64) AppleWebKit/537.36 (KHTML, like Gecko) Chrome/88.0.4324.150 Safari/537.36
::1 - [jueves, 18/02/2021, 11:56:37 ] "POST /api/v1/auth/login - login HTTP/1.1" 404 38 "http://localhost:3000/auth/login" "Mozilla/5.0 (X11; Linux x86_64) AppleWebKit/537.36 (KHTML, like Gecko) Chrome/88.0.4324.150 Safari/537.36
::1 - [jueves, 18/02/2021, 11:56:37 ] "POST /api/v1/auth/login - login HTTP/1.1" 404 38 "http://localhost:3000/auth/login" "Mozilla/5.0 (X11; Linux x86_64) AppleWebKit/537.36 (KHTML, like Gecko) Chrome/88.0.4324.150 Safari/537.36
::1 - [jueves, 18/02/2021, 11:56:37 ] "POST /api/v1/auth/login - login HTTP/1.1" 404 38 "http://localhost:3000/auth/login" "Mozilla/5.0 (X11; Linux x86_64) AppleWebKit/537.36 (KHTML, like Gecko) Chrome/88.0.4324.150 Safari/537.36
::1 - [jueves, 18/02/2021, 11:56:37 ] "POST /api/v1/auth/login - login HTTP/1.1" 404 38 "http://localhost:3000/auth/login" "Mozilla/5.0 (X11; Linux x86_64) AppleWebKit/537.36 (KHTML, like Gecko) Chrome/88.0.4324.150 Safari/537.36
::1 - [jueves, 18/02/2021, 11:56:37 ] "POST /api/v1/auth/login - login HTTP/1.1" 404 38 "http://localhost:3000/auth/login" "Mozilla/5.0 (X11; Linux x86_64) AppleWebKit/537.36 (KHTML, like Gecko) Chrome/88.0.4324.150 Safari/537.36
::1 - [jueves, 18/02/2021, 11:56:37 ] "POST /api/v1/auth/login - login HTTP/1.1" 404 38 "http://localhost:3000/auth/login" "Mozilla/5.0 (X11; Linux x86_64) AppleWebKit/537.36 (KHTML, like Gecko) Chrome/88.0.4324.150 Safari/537.36
::1 - [jueves, 18/02/2021, 11:56:37 ] "POST /api/v1/auth/login - login HTTP/1.1" 404 38 "http://localhost:3000/auth/login" "Mozilla/5.0 (X11; Linux x86_64) AppleWebKit/537.36 (KHTML, like Gecko) Chrome/88.0.4324.150 Safari/537.36
::1 - [jueves, 18/02/2021, 11:56:37 ] "POST /api/v1/auth/login - login HTTP/1.1" 404 38 "http://localhost:3000/auth/login" "Mozilla/5.0 (X11; Linux x86_64) AppleWebKit/537.36 (KHTML, like Gecko) Chrome/88.0.4324.150 Safari/537.36
::1 - [jueves, 18/02/2021, 11:56:37 ] "POST /api/v1/auth/login - login HTTP/1.1" 404 38 "http://localhost:3000/auth/login" "Mozilla/5.0 (X11; Linux x86_64) AppleWebKit/537.36 (KHTML, like Gecko) Chrome/88.0.4324.150 Safari/537.36
::1 - [jueves, 18/02/2021, 11:56:37 ] "POST /api/v1/auth/login - login HTTP/1.1" 404 38 "http://localhost:3000/auth/login" "Mozilla/5.0 (X11; Linux x86_64) AppleWebKit/537.36 (KHTML, like Gecko) Chrome/88.0.4324.150 Safari/537.36
::1 - [jueves, 18/02/2021, 11:56:37 ] "POST /api/v1/auth/login - login HTTP/1.1" 404 38 "http://localhost:3000/auth/login" "Mozilla/5.0 (X11; Linux x86_64) AppleWebKit/537.36 (KHTML, like Gecko) Chrome/88.0.4324.150 Safari/537.36
::1 - [jueves, 18/02/2021, 11:56:37 ] "POST /api/v1/auth/login - login HTTP/1.1" 404 38 "http://localhost:3000/auth/login" "Mozilla/5.0 (X11; Linux x86_64) AppleWebKit/537.36 (KHTML, like Gecko) Chrome/88.0.4324.150 Safari/537.36
::1 - [jueves, 18/02/2021, 11:56:37 ] "POST /api/v1/auth/login - login HTTP/1.1" 404 38 "http://localhost:3000/auth/login" "Mozilla/5.0 (X11; Linux x86_64) AppleWebKit/537.36 (KHTML, like Gecko) Chrome/88.0.4324.150 Safari/537.36
::1 - [jueves, 18/02/2021, 11:56:37 ] "POST /api/v1/auth/login - login HTTP/1.1" 400 43 "http://localhost:3000/auth/login" "Mozilla/5.0 (X11; Linux x86_64) AppleWebKit/537.36 (KHTML, like Gecko) Chrome/88.0.4324.150 Safari/537.36
::1 - [jueves, 18/02/2021, 11:56:37 ] "POST /api/v1/auth/user - createUser HTTP/1.1" 500 80 "http://localhost:3000/auth/register" "Mozilla/5.0 (X11; Linux x86_64) AppleWebKit/537.36 (KHTML, like Gecko) Chrome/88.0.4324.150 Safari/537.36
::1 - [jueves, 18/02/2021, 11:56:37 ] "POST /api/v1/auth/user - createUser HTTP/1.1" 500 80 "-" "PostmanRuntime/7.26.10
::1 - [jueves, 18/02/2021, 13:00:12 ] "POST /api/v1/auth/user - createUser HTTP/1.1" 500 80 "http://localhost:3000/auth/register" "Mozilla/5.0 (X11; Linux x86_64) AppleWebKit/537.36 (KHTML, like Gecko) Chrome/88.0.4324.150 Safari/537.36
::1 - [jueves, 18/02/2021, 13:00:12 ] "POST /api/v1/auth/user - createUser HTTP/1.1" 500 81 "http://localhost:3000/auth/register" "Mozilla/5.0 (X11; Linux x86_64) AppleWebKit/537.36 (KHTML, like Gecko) Chrome/88.0.4324.150 Safari/537.36
::1 - [jueves, 18/02/2021, 13:00:12 ] "POST /api/v1/auth/user - createUser HTTP/1.1" 500 81 "http://localhost:3000/auth/register" "Mozilla/5.0 (X11; Linux x86_64) AppleWebKit/537.36 (KHTML, like Gecko) Chrome/88.0.4324.150 Safari/537.36
::1 - [jueves, 18/02/2021, 13:03:58 ] "POST /api/v1/auth/user - createUser HTTP/1.1" 500 81 "http://localhost:3000/auth/register" "Mozilla/5.0 (X11; Linux x86_64) AppleWebKit/537.36 (KHTML, like Gecko) Chrome/88.0.4324.150 Safari/537.36
::1 - [jueves, 18/02/2021, 13:03:58 ] "POST /api/v1/auth/user - createUser HTTP/1.1" 500 81 "http://localhost:3000/auth/register" "Mozilla/5.0 (X11; Linux x86_64) AppleWebKit/537.36 (KHTML, like Gecko) Chrome/88.0.4324.150 Safari/537.36
::1 - [jueves, 18/02/2021, 13:13:05 ] "GET /api/v1/auth/user - renewToken HTTP/1.1" 404 155 "http://localhost:3000/auth/register" "Mozilla/5.0 (X11; Linux x86_64) AppleWebKit/537.36 (KHTML, like Gecko) Chrome/88.0.4324.150 Safari/537.36
::1 - [jueves, 18/02/2021, 13:23:50 ] "POST /api/v1/auth/login - login HTTP/1.1" 404 38 "-" "PostmanRuntime/7.26.10
::1 - [jueves, 18/02/2021, 13:23:50 ] "GET /api/v1/auth/user - renewToken HTTP/1.1" 404 155 "http://localhost:3000/auth/register" "Mozilla/5.0 (X11; Linux x86_64) AppleWebKit/537.36 (KHTML, like Gecko) Chrome/88.0.4324.150 Safari/537.36
::1 - [jueves, 18/02/2021, 13:23:50 ] "GET /api/v1/auth/user - renewToken HTTP/1.1" 403 39 "http://localhost:3000/auth/register" "Mozilla/5.0 (X11; Linux x86_64) AppleWebKit/537.36 (KHTML, like Gecko) Chrome/88.0.4324.150 Safari/537.36
::1 - [jueves, 18/02/2021, 13:23:50 ] "GET /api/v1/auth/user - renewToken HTTP/1.1" 403 39 "http://localhost:3000/auth/register" "Mozilla/5.0 (X11; Linux x86_64) AppleWebKit/537.36 (KHTML, like Gecko) Chrome/88.0.4324.150 Safari/537.36
::1 - [jueves, 18/02/2021, 13:23:50 ] "GET /api/v1/auth/user - renewToken HTTP/1.1" 403 39 "http://localhost:3000/auth/register" "Mozilla/5.0 (X11; Linux x86_64) AppleWebKit/537.36 (KHTML, like Gecko) Chrome/88.0.4324.150 Safari/537.36
::1 - [jueves, 18/02/2021, 13:23:50 ] "GET /api/v1/auth/user - renewToken HTTP/1.1" 403 39 "http://localhost:3000/auth/register" "Mozilla/5.0 (X11; Linux x86_64) AppleWebKit/537.36 (KHTML, like Gecko) Chrome/88.0.4324.150 Safari/537.36
::1 - [jueves, 18/02/2021, 13:23:50 ] "GET /api/v1/auth/user - renewToken HTTP/1.1" 403 39 "http://localhost:3000/auth/register" "Mozilla/5.0 (X11; Linux x86_64) AppleWebKit/537.36 (KHTML, like Gecko) Chrome/88.0.4324.150 Safari/537.36
::1 - [jueves, 18/02/2021, 13:23:50 ] "GET /api/v1/auth/user - renewToken HTTP/1.1" 403 39 "http://localhost:3000/auth/register" "Mozilla/5.0 (X11; Linux x86_64) AppleWebKit/537.36 (KHTML, like Gecko) Chrome/88.0.4324.150 Safari/537.36
::1 - [jueves, 18/02/2021, 13:23:50 ] "GET /api/v1/auth/user - renewToken HTTP/1.1" 404 155 "http://localhost:3000/auth/login" "Mozilla/5.0 (X11; Linux x86_64) AppleWebKit/537.36 (KHTML, like Gecko) Chrome/88.0.4324.150 Safari/537.36
::1 - [jueves, 18/02/2021, 13:23:50 ] "GET /api/v1/auth/user - renewToken HTTP/1.1" 404 155 "http://localhost:3000/auth/login" "Mozilla/5.0 (X11; Linux x86_64) AppleWebKit/537.36 (KHTML, like Gecko) Chrome/88.0.4324.150 Safari/537.36
::1 - [jueves, 18/02/2021, 13:23:50 ] "GET /api/v1/auth/token - renewToken HTTP/1.1" 403 39 "http://localhost:3000/auth/login" "Mozilla/5.0 (X11; Linux x86_64) AppleWebKit/537.36 (KHTML, like Gecko) Chrome/88.0.4324.150 Safari/537.36
::1 - [jueves, 18/02/2021, 13:23:50 ] "GET /api/v1/auth/token - renewToken HTTP/1.1" 403 39 "http://localhost:3000/" "Mozilla/5.0 (X11; Linux x86_64) AppleWebKit/537.36 (KHTML, like Gecko) Chrome/88.0.4324.150 Safari/537.36
::1 - [jueves, 18/02/2021, 13:23:50 ] "GET /api/v1/auth/token - renewToken HTTP/1.1" 403 39 "http://localhost:3000/" "Mozilla/5.0 (X11; Linux x86_64) AppleWebKit/537.36 (KHTML, like Gecko) Chrome/88.0.4324.150 Safari/537.36
::1 - [jueves, 18/02/2021, 13:23:50 ] "GET /api/v1/auth/token - renewToken HTTP/1.1" 403 39 "http://localhost:3000/" "Mozilla/5.0 (X11; Linux x86_64) AppleWebKit/537.36 (KHTML, like Gecko) Chrome/88.0.4324.150 Safari/537.36
::1 - [jueves, 18/02/2021, 13:23:50 ] "GET /api/v1/auth/token - renewToken HTTP/1.1" 403 39 "http://localhost:3000/" "Mozilla/5.0 (X11; Linux x86_64) AppleWebKit/537.36 (KHTML, like Gecko) Chrome/88.0.4324.150 Safari/537.36
::1 - [jueves, 18/02/2021, 13:23:50 ] "GET /api/v1/auth/token - renewToken HTTP/1.1" 403 39 "http://localhost:3000/" "Mozilla/5.0 (X11; Linux x86_64) AppleWebKit/537.36 (KHTML, like Gecko) Chrome/88.0.4324.150 Safari/537.36
::1 - [jueves, 18/02/2021, 13:23:50 ] "GET /api/v1/auth/token - renewToken HTTP/1.1" 403 39 "http://localhost:3000/" "Mozilla/5.0 (X11; Linux x86_64) AppleWebKit/537.36 (KHTML, like Gecko) Chrome/88.0.4324.150 Safari/537.36
::1 - [jueves, 18/02/2021, 13:23:50 ] "GET /api/v1/auth/token - renewToken HTTP/1.1" 403 39 "http://localhost:3000/" "Mozilla/5.0 (X11; Linux x86_64) AppleWebKit/537.36 (KHTML, like Gecko) Chrome/88.0.4324.150 Safari/537.36
::1 - [jueves, 18/02/2021, 13:23:50 ] "GET /api/v1/auth/token - renewToken HTTP/1.1" 403 39 "http://localhost:3000/" "Mozilla/5.0 (X11; Linux x86_64) AppleWebKit/537.36 (KHTML, like Gecko) Chrome/88.0.4324.150 Safari/537.36
::1 - [jueves, 18/02/2021, 13:23:50 ] "GET /api/v1/auth/token - renewToken HTTP/1.1" 403 39 "http://localhost:3000/auth/login" "Mozilla/5.0 (X11; Linux x86_64) AppleWebKit/537.36 (KHTML, like Gecko) Chrome/88.0.4324.150 Safari/537.36
::1 - [jueves, 18/02/2021, 13:23:50 ] "GET /api/v1/auth/token - renewToken HTTP/1.1" 403 39 "http://localhost:3000/auth/login" "Mozilla/5.0 (X11; Linux x86_64) AppleWebKit/537.36 (KHTML, like Gecko) Chrome/88.0.4324.150 Safari/537.36
::1 - [jueves, 18/02/2021, 13:23:50 ] "GET /api/v1/auth/token - renewToken HTTP/1.1" 403 39 "http://localhost:3000/" "Mozilla/5.0 (X11; Linux x86_64) AppleWebKit/537.36 (KHTML, like Gecko) Chrome/88.0.4324.150 Safari/537.36
::1 - [jueves, 18/02/2021, 13:23:50 ] "POST /api/v1/auth/user - createUser HTTP/1.1" 500 80 "http://localhost:3000/auth/register" "Mozilla/5.0 (X11; Linux x86_64) AppleWebKit/537.36 (KHTML, like Gecko) Chrome/88.0.4324.150 Safari/537.36
::1 - [viernes, 19/02/2021, 09:42:34 ] "GET /api/v1/auth/token - renewToken HTTP/1.1" 400 32 "http://localhost:3000/" "Mozilla/5.0 (X11; Linux x86_64) AppleWebKit/537.36 (KHTML, like Gecko) Chrome/88.0.4324.150 Safari/537.36
::1 - [viernes, 19/02/2021, 09:42:34 ] "GET /api/v1/auth/token - renewToken HTTP/1.1" 403 39 "http://localhost:3000/" "Mozilla/5.0 (X11; Linux x86_64) AppleWebKit/537.36 (KHTML, like Gecko) Chrome/88.0.4324.150 Safari/537.36
::1 - [viernes, 19/02/2021, 09:42:34 ] "GET /api/v1/auth/token - renewToken HTTP/1.1" 403 39 "http://localhost:3000/" "Mozilla/5.0 (X11; Linux x86_64) AppleWebKit/537.36 (KHTML, like Gecko) Chrome/88.0.4324.150 Safari/537.36
::1 - [viernes, 19/02/2021, 09:42:34 ] "GET /api/v1/auth/token - renewToken HTTP/1.1" 403 39 "http://localhost:3000/" "Mozilla/5.0 (X11; Linux x86_64) AppleWebKit/537.36 (KHTML, like Gecko) Chrome/88.0.4324.150 Safari/537.36
::1 - [viernes, 19/02/2021, 09:42:34 ] "GET /api/v1/auth/token - renewToken HTTP/1.1" 403 39 "http://localhost:3000/" "Mozilla/5.0 (X11; Linux x86_64) AppleWebKit/537.36 (KHTML, like Gecko) Chrome/88.0.4324.150 Safari/537.36
::1 - [viernes, 19/02/2021, 09:42:34 ] "GET /api/v1/auth/token - renewToken HTTP/1.1" 403 39 "http://localhost:3000/auth/login" "Mozilla/5.0 (X11; Linux x86_64) AppleWebKit/537.36 (KHTML, like Gecko) Chrome/88.0.4324.150 Safari/537.36
::1 - [viernes, 19/02/2021, 09:42:34 ] "GET /api/v1/auth/token - renewToken HTTP/1.1" 403 39 "http://localhost:3000/auth/login" "Mozilla/5.0 (X11; Linux x86_64) AppleWebKit/537.36 (KHTML, like Gecko) Chrome/88.0.4324.150 Safari/537.36
::1 - [viernes, 19/02/2021, 09:42:34 ] "GET /api/v1/auth/token - renewToken HTTP/1.1" 403 39 "http://localhost:3000/auth/login" "Mozilla/5.0 (X11; Linux x86_64) AppleWebKit/537.36 (KHTML, like Gecko) Chrome/88.0.4324.150 Safari/537.36
::1 - [viernes, 19/02/2021, 09:42:34 ] "GET /api/v1/auth/token - renewToken HTTP/1.1" 403 39 "http://localhost:3000/auth/login" "Mozilla/5.0 (X11; Linux x86_64) AppleWebKit/537.36 (KHTML, like Gecko) Chrome/88.0.4324.150 Safari/537.36
::1 - [viernes, 19/02/2021, 10:26:32 ] "GET /api/v1/auth/token - renewToken HTTP/1.1" 400 32 "http://localhost:3000/" "Mozilla/5.0 (X11; Linux x86_64) AppleWebKit/537.36 (KHTML, like Gecko) Chrome/88.0.4324.150 Safari/537.36
::1 - [viernes, 19/02/2021, 10:26:32 ] "GET /api/v1/auth/token - renewToken HTTP/1.1" 400 32 "http://localhost:3000/auth/login" "Mozilla/5.0 (X11; Linux x86_64) AppleWebKit/537.36 (KHTML, like Gecko) Chrome/88.0.4324.150 Safari/537.36
::1 - [viernes, 19/02/2021, 10:26:32 ] "GET /api/v1/auth/token - renewToken HTTP/1.1" 400 32 "http://localhost:3000/" "Mozilla/5.0 (X11; Linux x86_64) AppleWebKit/537.36 (KHTML, like Gecko) Chrome/88.0.4324.150 Safari/537.36
::1 - [viernes, 19/02/2021, 10:26:32 ] "GET /api/v1/auth/token - renewToken HTTP/1.1" 400 32 "http://localhost:3000/" "Mozilla/5.0 (X11; Linux x86_64) AppleWebKit/537.36 (KHTML, like Gecko) Chrome/88.0.4324.150 Safari/537.36
::1 - [viernes, 19/02/2021, 10:26:32 ] "GET /api/v1/auth/token - renewToken HTTP/1.1" 400 32 "http://localhost:3000/" "Mozilla/5.0 (X11; Linux x86_64) AppleWebKit/537.36 (KHTML, like Gecko) Chrome/88.0.4324.150 Safari/537.36
::1 - [viernes, 19/02/2021, 10:26:32 ] "GET /api/v1/auth/token - renewToken HTTP/1.1" 400 32 "http://localhost:3000/" "Mozilla/5.0 (X11; Linux x86_64) AppleWebKit/537.36 (KHTML, like Gecko) Chrome/88.0.4324.150 Safari/537.36
::1 - [viernes, 19/02/2021, 10:35:37 ] "GET /api/v1/auth/token - renewToken HTTP/1.1" 400 32 "http://localhost:3000/auth/login" "Mozilla/5.0 (X11; Linux x86_64) AppleWebKit/537.36 (KHTML, like Gecko) Chrome/88.0.4324.150 Safari/537.36
::1 - [viernes, 19/02/2021, 10:39:07 ] "GET /api/v1/auth/token - renewToken HTTP/1.1" 500 2263 "http://localhost:3000/" "Mozilla/5.0 (X11; Linux x86_64) AppleWebKit/537.36 (KHTML, like Gecko) Chrome/88.0.4324.150 Safari/537.36
::1 - [viernes, 19/02/2021, 10:39:07 ] "GET /api/v1/auth/token - renewToken HTTP/1.1" 500 2263 "http://localhost:3000/" "Mozilla/5.0 (X11; Linux x86_64) AppleWebKit/537.36 (KHTML, like Gecko) Chrome/88.0.4324.150 Safari/537.36
::1 - [viernes, 19/02/2021, 10:39:07 ] "GET /api/v1/auth/token - renewToken HTTP/1.1" 500 2263 "http://localhost:3000/" "Mozilla/5.0 (X11; Linux x86_64) AppleWebKit/537.36 (KHTML, like Gecko) Chrome/88.0.4324.150 Safari/537.36
::1 - [viernes, 19/02/2021, 10:39:07 ] "GET /api/v1/auth/token - renewToken HTTP/1.1" 500 2263 "http://localhost:3000/" "Mozilla/5.0 (X11; Linux x86_64) AppleWebKit/537.36 (KHTML, like Gecko) Chrome/88.0.4324.150 Safari/537.36
::1 - [viernes, 19/02/2021, 10:39:07 ] "GET /api/v1/auth/token - renewToken HTTP/1.1" 500 2263 "http://localhost:3000/" "Mozilla/5.0 (X11; Linux x86_64) AppleWebKit/537.36 (KHTML, like Gecko) Chrome/88.0.4324.150 Safari/537.36
::1 - [viernes, 19/02/2021, 10:39:07 ] "GET /api/v1/auth/token - renewToken HTTP/1.1" 500 2263 "http://localhost:3000/" "Mozilla/5.0 (X11; Linux x86_64) AppleWebKit/537.36 (KHTML, like Gecko) Chrome/88.0.4324.150 Safari/537.36
::1 - [viernes, 19/02/2021, 10:39:07 ] "GET /api/v1/auth/token - renewToken HTTP/1.1" 500 2263 "http://localhost:3000/" "Mozilla/5.0 (X11; Linux x86_64) AppleWebKit/537.36 (KHTML, like Gecko) Chrome/88.0.4324.150 Safari/537.36
::1 - [viernes, 19/02/2021, 10:39:07 ] "GET /api/v1/auth/token - renewToken HTTP/1.1" 500 2263 "http://localhost:3000/" "Mozilla/5.0 (X11; Linux x86_64) AppleWebKit/537.36 (KHTML, like Gecko) Chrome/88.0.4324.150 Safari/537.36
::1 - [viernes, 19/02/2021, 10:39:54 ] "GET /api/v1/auth/token - renewToken HTTP/1.1" 400 32 "http://localhost:3000/" "Mozilla/5.0 (X11; Linux x86_64) AppleWebKit/537.36 (KHTML, like Gecko) Chrome/88.0.4324.150 Safari/537.36
::1 - [viernes, 19/02/2021, 10:39:54 ] "GET /api/v1/auth/token - renewToken HTTP/1.1" 400 32 "http://localhost:3000/auth/login" "Mozilla/5.0 (X11; Linux x86_64) AppleWebKit/537.36 (KHTML, like Gecko) Chrome/88.0.4324.150 Safari/537.36
::1 - [viernes, 19/02/2021, 10:39:54 ] "GET /api/v1/auth/token - renewToken HTTP/1.1" 400 32 "http://localhost:3000/auth/login" "Mozilla/5.0 (X11; Linux x86_64) AppleWebKit/537.36 (KHTML, like Gecko) Chrome/88.0.4324.150 Safari/537.36
::1 - [viernes, 19/02/2021, 10:39:54 ] "GET /api/v1/auth/token - renewToken HTTP/1.1" 400 32 "http://localhost:3000/" "Mozilla/5.0 (X11; Linux x86_64) AppleWebKit/537.36 (KHTML, like Gecko) Chrome/88.0.4324.150 Safari/537.36
::1 - [viernes, 19/02/2021, 10:39:54 ] "GET /api/v1/auth/token - renewToken HTTP/1.1" 400 32 "http://localhost:3000/auth/login" "Mozilla/5.0 (X11; Linux x86_64) AppleWebKit/537.36 (KHTML, like Gecko) Chrome/88.0.4324.150 Safari/537.36
::1 - [viernes, 19/02/2021, 10:39:54 ] "GET /api/v1/auth/token - renewToken HTTP/1.1" 400 32 "http://localhost:3000/auth/login" "Mozilla/5.0 (X11; Linux x86_64) AppleWebKit/537.36 (KHTML, like Gecko) Chrome/88.0.4324.150 Safari/537.36
::1 - [viernes, 19/02/2021, 10:39:54 ] "GET /api/v1/auth/token - renewToken HTTP/1.1" 400 32 "http://localhost:3000/auth/login" "Mozilla/5.0 (X11; Linux x86_64) AppleWebKit/537.36 (KHTML, like Gecko) Chrome/88.0.4324.150 Safari/537.36
::1 - [viernes, 19/02/2021, 10:39:54 ] "GET /api/v1/auth/token - renewToken HTTP/1.1" 400 32 "http://localhost:3000/auth/login" "Mozilla/5.0 (X11; Linux x86_64) AppleWebKit/537.36 (KHTML, like Gecko) Chrome/88.0.4324.150 Safari/537.36
::1 - [viernes, 19/02/2021, 10:39:54 ] "GET /api/v1/auth/token - renewToken HTTP/1.1" 400 32 "http://localhost:3000/auth/login" "Mozilla/5.0 (X11; Linux x86_64) AppleWebKit/537.36 (KHTML, like Gecko) Chrome/88.0.4324.150 Safari/537.36
::1 - [viernes, 19/02/2021, 10:39:54 ] "GET /api/v1/auth/token - renewToken HTTP/1.1" 400 32 "http://localhost:3000/auth/login" "Mozilla/5.0 (X11; Linux x86_64) AppleWebKit/537.36 (KHTML, like Gecko) Chrome/88.0.4324.150 Safari/537.36
::1 - [viernes, 19/02/2021, 10:39:54 ] "GET /api/v1/auth/token - renewToken HTTP/1.1" 400 32 "http://localhost:3000/auth/login" "Mozilla/5.0 (X11; Linux x86_64) AppleWebKit/537.36 (KHTML, like Gecko) Chrome/88.0.4324.150 Safari/537.36
::1 - [viernes, 19/02/2021, 10:39:54 ] "GET /api/v1/auth/token - renewToken HTTP/1.1" 400 32 "http://localhost:3000/auth/login" "Mozilla/5.0 (X11; Linux x86_64) AppleWebKit/537.36 (KHTML, like Gecko) Chrome/88.0.4324.150 Safari/537.36
::1 - [viernes, 19/02/2021, 10:39:54 ] "GET /api/v1/auth/token - renewToken HTTP/1.1" 400 32 "http://localhost:3000/auth/login" "Mozilla/5.0 (X11; Linux x86_64) AppleWebKit/537.36 (KHTML, like Gecko) Chrome/88.0.4324.150 Safari/537.36
::1 - [viernes, 19/02/2021, 10:39:54 ] "GET /api/v1/auth/token - renewToken HTTP/1.1" 400 32 "http://localhost:3000/auth/login" "Mozilla/5.0 (X11; Linux x86_64) AppleWebKit/537.36 (KHTML, like Gecko) Chrome/88.0.4324.150 Safari/537.36
::1 - [viernes, 19/02/2021, 12:13:08 ] "GET /api/v1/auth/token - renewToken HTTP/1.1" 400 32 "http://localhost:3000/auth/login" "Mozilla/5.0 (X11; Linux x86_64) AppleWebKit/537.36 (KHTML, like Gecko) Chrome/88.0.4324.150 Safari/537.36
::1 - [viernes, 19/02/2021, 12:13:08 ] "GET /api/v1/auth/token - renewToken HTTP/1.1" 400 32 "http://localhost:3000/auth/login" "Mozilla/5.0 (X11; Linux x86_64) AppleWebKit/537.36 (KHTML, like Gecko) Chrome/88.0.4324.150 Safari/537.36
::1 - [viernes, 19/02/2021, 12:13:08 ] "GET /api/v1/auth/token - renewToken HTTP/1.1" 400 32 "http://localhost:3000/auth/login" "Mozilla/5.0 (X11; Linux x86_64) AppleWebKit/537.36 (KHTML, like Gecko) Chrome/88.0.4324.150 Safari/537.36
::1 - [viernes, 19/02/2021, 12:13:08 ] "GET /api/v1/auth/token - renewToken HTTP/1.1" 400 32 "http://localhost:3000/auth/login" "Mozilla/5.0 (X11; Linux x86_64) AppleWebKit/537.36 (KHTML, like Gecko) Chrome/88.0.4324.150 Safari/537.36
::1 - [viernes, 19/02/2021, 12:13:08 ] "GET /api/v1/auth/token - renewToken HTTP/1.1" 400 32 "http://localhost:3000/auth/login" "Mozilla/5.0 (X11; Linux x86_64) AppleWebKit/537.36 (KHTML, like Gecko) Chrome/88.0.4324.150 Safari/537.36
::1 - [viernes, 19/02/2021, 12:13:08 ] "GET /api/v1/auth/token - renewToken HTTP/1.1" 400 32 "http://localhost:3000/auth/login" "Mozilla/5.0 (X11; Linux x86_64) AppleWebKit/537.36 (KHTML, like Gecko) Chrome/88.0.4324.150 Safari/537.36
::1 - [viernes, 19/02/2021, 12:13:08 ] "GET /api/v1/auth/token - renewToken HTTP/1.1" 400 32 "http://localhost:3000/auth/login" "Mozilla/5.0 (X11; Linux x86_64) AppleWebKit/537.36 (KHTML, like Gecko) Chrome/88.0.4324.150 Safari/537.36
::1 - [viernes, 19/02/2021, 12:13:08 ] "GET /api/v1/auth/token - renewToken HTTP/1.1" 400 32 "http://localhost:3000/auth/login" "Mozilla/5.0 (X11; Linux x86_64) AppleWebKit/537.36 (KHTML, like Gecko) Chrome/88.0.4324.150 Safari/537.36
::1 - [viernes, 19/02/2021, 12:26:25 ] "GET /api/v1/auth/token - renewToken HTTP/1.1" 400 32 "http://localhost:3000/auth/login" "Mozilla/5.0 (X11; Linux x86_64) AppleWebKit/537.36 (KHTML, like Gecko) Chrome/88.0.4324.150 Safari/537.36
::1 - [viernes, 19/02/2021, 12:28:10 ] "GET /api/v1/auth/token - renewToken HTTP/1.1" 400 32 "http://localhost:3000/" "Mozilla/5.0 (X11; Linux x86_64) AppleWebKit/537.36 (KHTML, like Gecko) Chrome/88.0.4324.150 Safari/537.36
::1 - [viernes, 19/02/2021, 12:28:10 ] "GET /api/v1/auth/token - renewToken HTTP/1.1" 400 32 "http://localhost:3000/auth/login" "Mozilla/5.0 (X11; Linux x86_64) AppleWebKit/537.36 (KHTML, like Gecko) Chrome/88.0.4324.150 Safari/537.36
::1 - [viernes, 19/02/2021, 12:28:10 ] "GET /api/v1/auth/token - renewToken HTTP/1.1" 400 32 "http://localhost:3000/auth/login" "Mozilla/5.0 (X11; Linux x86_64) AppleWebKit/537.36 (KHTML, like Gecko) Chrome/88.0.4324.150 Safari/537.36
::1 - [viernes, 19/02/2021, 12:28:10 ] "GET /api/v1/auth/token - renewToken HTTP/1.1" 400 32 "http://localhost:3000/auth/login" "Mozilla/5.0 (X11; Linux x86_64) AppleWebKit/537.36 (KHTML, like Gecko) Chrome/88.0.4324.150 Safari/537.36
::1 - [viernes, 19/02/2021, 12:28:10 ] "GET /api/v1/auth/token - renewToken HTTP/1.1" 400 32 "http://localhost:3000/auth/login" "Mozilla/5.0 (X11; Linux x86_64) AppleWebKit/537.36 (KHTML, like Gecko) Chrome/88.0.4324.150 Safari/537.36
::1 - [viernes, 19/02/2021, 12:28:10 ] "GET /api/v1/auth/token - renewToken HTTP/1.1" 400 32 "http://localhost:3000/auth/login" "Mozilla/5.0 (X11; Linux x86_64) AppleWebKit/537.36 (KHTML, like Gecko) Chrome/88.0.4324.150 Safari/537.36
::1 - [viernes, 19/02/2021, 12:28:10 ] "GET /api/v1/auth/token - renewToken HTTP/1.1" 400 32 "http://localhost:3000/auth/login" "Mozilla/5.0 (X11; Linux x86_64) AppleWebKit/537.36 (KHTML, like Gecko) Chrome/88.0.4324.150 Safari/537.36
::1 - [viernes, 19/02/2021, 12:28:10 ] "GET /api/v1/auth/token - renewToken HTTP/1.1" 400 32 "http://localhost:3000/auth/login" "Mozilla/5.0 (X11; Linux x86_64) AppleWebKit/537.36 (KHTML, like Gecko) Chrome/88.0.4324.150 Safari/537.36
::1 - [viernes, 19/02/2021, 12:28:10 ] "GET /api/v1/auth/token - renewToken HTTP/1.1" 403 39 "http://localhost:3000/auth/login" "Mozilla/5.0 (X11; Linux x86_64) AppleWebKit/537.36 (KHTML, like Gecko) Chrome/88.0.4324.150 Safari/537.36
::1 - [viernes, 19/02/2021, 12:28:10 ] "GET /api/v1/auth/token - renewToken HTTP/1.1" 403 39 "http://localhost:3000/auth/login" "Mozilla/5.0 (X11; Linux x86_64) AppleWebKit/537.36 (KHTML, like Gecko) Chrome/88.0.4324.150 Safari/537.36
::1 - [viernes, 19/02/2021, 12:28:10 ] "GET /api/v1/auth/token - renewToken HTTP/1.1" 403 39 "http://localhost:3000/" "Mozilla/5.0 (X11; Linux x86_64) AppleWebKit/537.36 (KHTML, like Gecko) Chrome/88.0.4324.150 Safari/537.36
::1 - [viernes, 19/02/2021, 12:28:10 ] "GET /api/v1/auth/token - renewToken HTTP/1.1" 403 39 "http://localhost:3000/auth/login" "Mozilla/5.0 (X11; Linux x86_64) AppleWebKit/537.36 (KHTML, like Gecko) Chrome/88.0.4324.150 Safari/537.36
::1 - [viernes, 19/02/2021, 12:28:10 ] "GET /api/v1/auth/token - renewToken HTTP/1.1" 400 32 "http://localhost:3000/" "Mozilla/5.0 (X11; Linux x86_64) AppleWebKit/537.36 (KHTML, like Gecko) Chrome/88.0.4324.150 Safari/537.36
::1 - [viernes, 19/02/2021, 12:28:10 ] "GET /api/v1/auth/token - renewToken HTTP/1.1" 400 32 "http://localhost:3000/auth/login" "Mozilla/5.0 (X11; Linux x86_64) AppleWebKit/537.36 (KHTML, like Gecko) Chrome/88.0.4324.150 Safari/537.36
::1 - [viernes, 19/02/2021, 12:28:10 ] "GET /api/v1/auth/token - renewToken HTTP/1.1" 400 32 "http://localhost:3000/auth/login" "Mozilla/5.0 (X11; Linux x86_64) AppleWebKit/537.36 (KHTML, like Gecko) Chrome/88.0.4324.150 Safari/537.36
::1 - [viernes, 19/02/2021, 12:28:10 ] "GET /api/v1/auth/token - renewToken HTTP/1.1" 400 32 "http://localhost:3000/auth/login" "Mozilla/5.0 (X11; Linux x86_64) AppleWebKit/537.36 (KHTML, like Gecko) Chrome/88.0.4324.150 Safari/537.36
::1 - [viernes, 19/02/2021, 12:28:10 ] "GET /api/v1/auth/token - renewToken HTTP/1.1" 400 32 "http://localhost:3000/auth/login" "Mozilla/5.0 (X11; Linux x86_64) AppleWebKit/537.36 (KHTML, like Gecko) Chrome/88.0.4324.150 Safari/537.36
::1 - [viernes, 19/02/2021, 12:28:10 ] "GET /api/v1/auth/token - renewToken HTTP/1.1" 403 39 "http://localhost:3000/" "Mozilla/5.0 (X11; Linux x86_64) AppleWebKit/537.36 (KHTML, like Gecko) Chrome/88.0.4324.150 Safari/537.36
::1 - [viernes, 19/02/2021, 12:28:10 ] "GET /api/v1/auth/token - renewToken HTTP/1.1" 403 39 "http://localhost:3000/auth/login" "Mozilla/5.0 (X11; Linux x86_64) AppleWebKit/537.36 (KHTML, like Gecko) Chrome/88.0.4324.150 Safari/537.36
::1 - [viernes, 19/02/2021, 12:28:10 ] "GET /api/v1/auth/token - renewToken HTTP/1.1" 403 39 "http://localhost:3000/auth/login" "Mozilla/5.0 (X11; Linux x86_64) AppleWebKit/537.36 (KHTML, like Gecko) Chrome/88.0.4324.150 Safari/537.36
::1 - [viernes, 19/02/2021, 12:28:10 ] "GET /api/v1/auth/token - renewToken HTTP/1.1" 403 39 "http://localhost:3000/auth/login" "Mozilla/5.0 (X11; Linux x86_64) AppleWebKit/537.36 (KHTML, like Gecko) Chrome/88.0.4324.150 Safari/537.36
::1 - [viernes, 19/02/2021, 12:28:10 ] "GET /api/v1/auth/token - renewToken HTTP/1.1" 403 39 "http://localhost:3000/" "Mozilla/5.0 (X11; Linux x86_64) AppleWebKit/537.36 (KHTML, like Gecko) Chrome/88.0.4324.150 Safari/537.36
::1 - [viernes, 19/02/2021, 12:28:10 ] "GET /api/v1/auth/token - renewToken HTTP/1.1" 403 39 "http://localhost:3000/auth/login" "Mozilla/5.0 (X11; Linux x86_64) AppleWebKit/537.36 (KHTML, like Gecko) Chrome/88.0.4324.150 Safari/537.36
::1 - [viernes, 19/02/2021, 12:28:10 ] "GET /api/v1/auth/token - renewToken HTTP/1.1" 400 32 "http://localhost:3000/" "Mozilla/5.0 (X11; Linux x86_64) AppleWebKit/537.36 (KHTML, like Gecko) Chrome/88.0.4324.150 Safari/537.36
::1 - [viernes, 19/02/2021, 12:28:10 ] "GET /api/v1/auth/token - renewToken HTTP/1.1" 403 39 "http://localhost:3000/auth/login" "Mozilla/5.0 (X11; Linux x86_64) AppleWebKit/537.36 (KHTML, like Gecko) Chrome/88.0.4324.150 Safari/537.36
::1 - [viernes, 19/02/2021, 12:28:10 ] "GET /api/v1/auth/token - renewToken HTTP/1.1" 403 39 "http://localhost:3000/auth/login" "Mozilla/5.0 (X11; Linux x86_64) AppleWebKit/537.36 (KHTML, like Gecko) Chrome/88.0.4324.150 Safari/537.36
::1 - [viernes, 19/02/2021, 12:28:10 ] "GET /api/v1/auth/token - renewToken HTTP/1.1" 400 32 "http://localhost:3000/" "Mozilla/5.0 (X11; Linux x86_64) AppleWebKit/537.36 (KHTML, like Gecko) Chrome/88.0.4324.150 Safari/537.36
::1 - [viernes, 19/02/2021, 12:28:10 ] "GET /api/v1/auth/token - renewToken HTTP/1.1" 403 39 "http://localhost:3000/auth/login" "Mozilla/5.0 (X11; Linux x86_64) AppleWebKit/537.36 (KHTML, like Gecko) Chrome/88.0.4324.150 Safari/537.36
